Unity Editor version:    2021.3.8f1 (b30333d56e81)
Branch:                  2021.3/staging
Build type:              Release
Batch mode:              YES
macOS version:           Version 10.15.7 (Build 19H2026)
Darwin version:          19.6.0
Architecture:            x86_64
Running under Rosetta:   NO
Available memory:        32768 MB
Using pre-set license
Pro License: YES

COMMAND LINE ARGUMENTS:
/Applications/Unity/Unity.app/Contents/MacOS/Unity
-adb2
-batchMode
-noUpm
-name
AssetImportWorker1
-projectPath
/Users/student/Documents/GitHub/MTEC-2120/MTEC 2120 Animation H.W
-logFile
Logs/AssetImportWorker1.log
-srvPort
50152
Successfully changed project path to: /Users/student/Documents/GitHub/MTEC-2120/MTEC 2120 Animation H.W
/Users/student/Documents/GitHub/MTEC-2120/MTEC 2120 Animation H.W
[UnityMemory] Configuration Parameters - Can be set up in boot.config
    "memorysetup-bucket-allocator-granularity=16"
    "memorysetup-bucket-allocator-bucket-count=8"
    "memorysetup-bucket-allocator-block-size=33554432"
    "memorysetup-bucket-allocator-block-count=8"
    "memorysetup-main-allocator-block-size=16777216"
    "memorysetup-thread-allocator-block-size=16777216"
    "memorysetup-gfx-main-allocator-block-size=16777216"
    "memorysetup-gfx-thread-allocator-block-size=16777216"
    "memorysetup-cache-allocator-block-size=4194304"
    "memorysetup-typetree-allocator-block-size=2097152"
    "memorysetup-profiler-bucket-allocator-granularity=16"
    "memorysetup-profiler-bucket-allocator-bucket-count=8"
    "memorysetup-profiler-bucket-allocator-block-size=33554432"
    "memorysetup-profiler-bucket-allocator-block-count=8"
    "memorysetup-profiler-allocator-block-size=16777216"
    "memorysetup-profiler-editor-allocator-block-size=1048576"
    "memorysetup-temp-allocator-size-main=16777216"
    "memorysetup-job-temp-allocator-block-size=2097152"
    "memorysetup-job-temp-allocator-block-size-background=1048576"
    "memorysetup-job-temp-allocator-reduction-small-platforms=262144"
    "memorysetup-temp-allocator-size-background-worker=32768"
    "memorysetup-temp-allocator-size-job-worker=262144"
    "memorysetup-temp-allocator-size-preload-manager=33554432"
    "memorysetup-temp-allocator-size-nav-mesh-worker=65536"
    "memorysetup-temp-allocator-size-audio-worker=65536"
    "memorysetup-temp-allocator-size-cloud-worker=32768"
    "memorysetup-temp-allocator-size-gi-baking-worker=262144"
    "memorysetup-temp-allocator-size-gfx=262144"
Refreshing native plugins compatible for Editor in 114.13 ms, found 2 plugins.
Preloading 0 native plugins for Editor in 0.00 ms.
Initialize engine version: 2021.3.8f1 (b30333d56e81)
[Subsystems] Discovering subsystems at path /Applications/Unity/Unity.app/Contents/Resources/UnitySubsystems
[Subsystems] Discovering subsystems at path /Users/student/Documents/GitHub/MTEC-2120/MTEC 2120 Animation H.W/Assets
GfxDevice: creating device client; threaded=0; jobified=0
DELL P2715Q preferred device: AMD Radeon HD - FirePro D700 (high power)
Metal devices available: 2
0: AMD Radeon HD - FirePro D700 (high power)
1: AMD Radeon HD - FirePro D700 (high power)
Using device AMD Radeon HD - FirePro D700 (high power)
Initializing Metal device caps: AMD Radeon HD - FirePro D700
Initialize mono
Mono path[0] = '/Applications/Unity/Unity.app/Contents/Managed'
Mono path[1] = '/Applications/Unity/Unity.app/Contents/MonoBleedingEdge/lib/mono/unityjit-macos'
Mono config path = '/Applications/Unity/Unity.app/Contents/MonoBleedingEdge/etc'
Using monoOptions --debugger-agent=transport=dt_socket,embedding=1,server=y,suspend=n,address=127.0.0.1:56252
Begin MonoManager ReloadAssembly
Registering precompiled unity dll's ...
Register platform support module: /Applications/Unity/Unity.app/Contents/PlaybackEngines/MacStandaloneSupport/UnityEditor.OSXStandalone.Extensions.dll
Registered in 0.001160 seconds.
Native extension for OSXStandalone target not found
Refreshing native plugins compatible for Editor in 111.06 ms, found 2 plugins.
Preloading 0 native plugins for Editor in 0.00 ms.
Mono: successfully reloaded assembly
- Completed reload, in  0.970 seconds
Domain Reload Profiling:
	ReloadAssembly (970ms)
		BeginReloadAssembly (81ms)
			ExecutionOrderSort (0ms)
			DisableScriptedObjects (0ms)
			BackupInstance (0ms)
			ReleaseScriptingObjects (0ms)
			CreateAndSetChildDomain (1ms)
		EndReloadAssembly (711ms)
			LoadAssemblies (80ms)
			RebuildTransferFunctionScriptingTraits (0ms)
			SetupTypeCache (182ms)
			ReleaseScriptCaches (0ms)
			RebuildScriptCaches (48ms)
			SetupLoadedEditorAssemblies (408ms)
				LogAssemblyErrors (0ms)
				InitializePlatformSupportModulesInManaged (9ms)
				SetLoadedEditorAssemblies (0ms)
				RefreshPlugins (111ms)
				BeforeProcessingInitializeOnLoad (2ms)
				ProcessInitializeOnLoadAttributes (218ms)
				ProcessInitializeOnLoadMethodAttributes (68ms)
				AfterProcessingInitializeOnLoad (0ms)
				EditorAssembliesLoaded (0ms)
			ExecutionOrderSort2 (0ms)
			AwakeInstancesAfterBackupRestoration (0ms)
Platform modules already initialized, skipping
Registering precompiled user dll's ...
Registered in 0.004227 seconds.
Begin MonoManager ReloadAssembly
Symbol file LoadedFromMemory doesn't match image /Users/student/Documents/GitHub/MTEC-2120/MTEC 2120 Animation H.W/Library/PackageCache/com.unity.visualscripting@1.7.8/Editor/VisualScripting.Core/Dependencies/YamlDotNet/Unity.VisualScripting.YamlDotNet.dll
Symbol file LoadedFromMemory doesn't match image /Users/student/Documents/GitHub/MTEC-2120/MTEC 2120 Animation H.W/Library/PackageCache/com.unity.visualscripting@1.7.8/Editor/VisualScripting.Core/Dependencies/DotNetZip/Unity.VisualScripting.IonicZip.dll
Native extension for OSXStandalone target not found
Refreshing native plugins compatible for Editor in 0.64 ms, found 2 plugins.
Preloading 0 native plugins for Editor in 0.00 ms.
Mono: successfully reloaded assembly
- Completed reload, in  1.581 seconds
Domain Reload Profiling:
	ReloadAssembly (1582ms)
		BeginReloadAssembly (148ms)
			ExecutionOrderSort (0ms)
			DisableScriptedObjects (10ms)
			BackupInstance (0ms)
			ReleaseScriptingObjects (0ms)
			CreateAndSetChildDomain (36ms)
		EndReloadAssembly (1248ms)
			LoadAssemblies (89ms)
			RebuildTransferFunctionScriptingTraits (0ms)
			SetupTypeCache (451ms)
			ReleaseScriptCaches (1ms)
			RebuildScriptCaches (85ms)
			SetupLoadedEditorAssemblies (547ms)
				LogAssemblyErrors (0ms)
				InitializePlatformSupportModulesInManaged (6ms)
				SetLoadedEditorAssemblies (1ms)
				RefreshPlugins (1ms)
				BeforeProcessingInitializeOnLoad (115ms)
				ProcessInitializeOnLoadAttributes (378ms)
				ProcessInitializeOnLoadMethodAttributes (44ms)
				AfterProcessingInitializeOnLoad (3ms)
				EditorAssembliesLoaded (0ms)
			ExecutionOrderSort2 (0ms)
			AwakeInstancesAfterBackupRestoration (6ms)
Platform modules already initialized, skipping
========================================================================
Worker process is ready to serve import requests
Launching external process: /Applications/Unity/Unity.app/Contents/Tools/UnityShaderCompiler
Launched and connected shader compiler UnityShaderCompiler after 0.02 seconds
Refreshing native plugins compatible for Editor in 0.76 ms, found 2 plugins.
Preloading 0 native plugins for Editor in 0.00 ms.
Unloading 3377 Unused Serialized files (Serialized files now loaded: 0)
Unloading 27 unused Assets / (98.1 KB). Loaded Objects now: 3834.
Memory consumption went from 229.1 MB to 229.0 MB.
Total: 4.174823 ms (FindLiveObjects: 0.374484 ms CreateObjectMapping: 0.152601 ms MarkObjects: 3.484023 ms  DeleteObjects: 0.162271 ms)

AssetImportParameters requested are different than current active one (requested -> active):
  custom:video-decoder-ogg-theora: a1e56fd34408186e4bbccfd4996cb3dc -> 
  custom:container-muxer-webm: aa71ff27fc2769a1b78a27578f13a17b -> 
  custom:container-demuxer-webm: 4f35f7cbe854078d1ac9338744f61a02 -> 
  custom:video-encoder-webm-vp8: eb34c28f22e8b96e1ab97ce403110664 -> 
  custom:framework-osx-AVFoundation: b23960f63f64bdc6ff669e2cdcee2391 -> 
  custom:audio-encoder-webm-vorbis: bf7c407c2cedff20999df2af8eb42d56 -> 
  custom:container-demuxer-ogg: 62fdf1f143b41e24485cea50d1cbac27 -> 
  custom:video-decoder-webm-vp8: 9c59270c3fd7afecdb556c50c9e8de78 -> 
  custom:audio-decoder-ogg-vorbis: bf7c407c2cedff20999df2af8eb42d56 -> 
========================================================================
Received Prepare
Registering precompiled user dll's ...
Registered in 0.003883 seconds.
Begin MonoManager ReloadAssembly
Symbol file LoadedFromMemory doesn't match image /Users/student/Documents/GitHub/MTEC-2120/MTEC 2120 Animation H.W/Library/PackageCache/com.unity.visualscripting@1.7.8/Editor/VisualScripting.Core/Dependencies/YamlDotNet/Unity.VisualScripting.YamlDotNet.dll
Symbol file LoadedFromMemory doesn't match image /Users/student/Documents/GitHub/MTEC-2120/MTEC 2120 Animation H.W/Library/PackageCache/com.unity.visualscripting@1.7.8/Editor/VisualScripting.Core/Dependencies/DotNetZip/Unity.VisualScripting.IonicZip.dll
Native extension for OSXStandalone target not found
Refreshing native plugins compatible for Editor in 0.59 ms, found 2 plugins.
Preloading 0 native plugins for Editor in 0.00 ms.
Mono: successfully reloaded assembly
- Completed reload, in  1.519 seconds
Domain Reload Profiling:
	ReloadAssembly (1520ms)
		BeginReloadAssembly (188ms)
			ExecutionOrderSort (0ms)
			DisableScriptedObjects (10ms)
			BackupInstance (0ms)
			ReleaseScriptingObjects (0ms)
			CreateAndSetChildDomain (75ms)
		EndReloadAssembly (1177ms)
			LoadAssemblies (88ms)
			RebuildTransferFunctionScriptingTraits (0ms)
			SetupTypeCache (458ms)
			ReleaseScriptCaches (1ms)
			RebuildScriptCaches (70ms)
			SetupLoadedEditorAssemblies (481ms)
				LogAssemblyErrors (0ms)
				InitializePlatformSupportModulesInManaged (13ms)
				SetLoadedEditorAssemblies (1ms)
				RefreshPlugins (1ms)
				BeforeProcessingInitializeOnLoad (85ms)
				ProcessInitializeOnLoadAttributes (337ms)
				ProcessInitializeOnLoadMethodAttributes (43ms)
				AfterProcessingInitializeOnLoad (2ms)
				EditorAssembliesLoaded (0ms)
			ExecutionOrderSort2 (0ms)
			AwakeInstancesAfterBackupRestoration (6ms)
Platform modules already initialized, skipping
Refreshing native plugins compatible for Editor in 1.71 ms, found 2 plugins.
Preloading 0 native plugins for Editor in 0.00 ms.
Unloading 3373 Unused Serialized files (Serialized files now loaded: 0)
Unloading 20 unused Assets / (71.0 KB). Loaded Objects now: 3838.
Memory consumption went from 229.0 MB to 229.0 MB.
Total: 3.807528 ms (FindLiveObjects: 0.305155 ms CreateObjectMapping: 0.146636 ms MarkObjects: 3.254824 ms  DeleteObjects: 0.099859 ms)

AssetImportParameters requested are different than current active one (requested -> active):
  custom:video-decoder-ogg-theora: a1e56fd34408186e4bbccfd4996cb3dc -> 
  custom:container-muxer-webm: aa71ff27fc2769a1b78a27578f13a17b -> 
  custom:container-demuxer-webm: 4f35f7cbe854078d1ac9338744f61a02 -> 
  custom:video-encoder-webm-vp8: eb34c28f22e8b96e1ab97ce403110664 -> 
  custom:framework-osx-AVFoundation: b23960f63f64bdc6ff669e2cdcee2391 -> 
  custom:audio-encoder-webm-vorbis: bf7c407c2cedff20999df2af8eb42d56 -> 
  custom:container-demuxer-ogg: 62fdf1f143b41e24485cea50d1cbac27 -> 
  custom:video-decoder-webm-vp8: 9c59270c3fd7afecdb556c50c9e8de78 -> 
  custom:audio-decoder-ogg-vorbis: bf7c407c2cedff20999df2af8eb42d56 -> 
========================================================================
Received Prepare
Registering precompiled user dll's ...
Registered in 0.004231 seconds.
Begin MonoManager ReloadAssembly
Symbol file LoadedFromMemory doesn't match image /Users/student/Documents/GitHub/MTEC-2120/MTEC 2120 Animation H.W/Library/PackageCache/com.unity.visualscripting@1.7.8/Editor/VisualScripting.Core/Dependencies/YamlDotNet/Unity.VisualScripting.YamlDotNet.dll
Symbol file LoadedFromMemory doesn't match image /Users/student/Documents/GitHub/MTEC-2120/MTEC 2120 Animation H.W/Library/PackageCache/com.unity.visualscripting@1.7.8/Editor/VisualScripting.Core/Dependencies/DotNetZip/Unity.VisualScripting.IonicZip.dll
Native extension for OSXStandalone target not found
Refreshing native plugins compatible for Editor in 0.65 ms, found 2 plugins.
Preloading 0 native plugins for Editor in 0.00 ms.
Mono: successfully reloaded assembly
- Completed reload, in  1.474 seconds
Domain Reload Profiling:
	ReloadAssembly (1475ms)
		BeginReloadAssembly (180ms)
			ExecutionOrderSort (0ms)
			DisableScriptedObjects (9ms)
			BackupInstance (0ms)
			ReleaseScriptingObjects (0ms)
			CreateAndSetChildDomain (73ms)
		EndReloadAssembly (1137ms)
			LoadAssemblies (82ms)
			RebuildTransferFunctionScriptingTraits (0ms)
			SetupTypeCache (430ms)
			ReleaseScriptCaches (1ms)
			RebuildScriptCaches (67ms)
			SetupLoadedEditorAssemblies (479ms)
				LogAssemblyErrors (0ms)
				InitializePlatformSupportModulesInManaged (12ms)
				SetLoadedEditorAssemblies (1ms)
				RefreshPlugins (1ms)
				BeforeProcessingInitializeOnLoad (86ms)
				ProcessInitializeOnLoadAttributes (335ms)
				ProcessInitializeOnLoadMethodAttributes (42ms)
				AfterProcessingInitializeOnLoad (2ms)
				EditorAssembliesLoaded (0ms)
			ExecutionOrderSort2 (0ms)
			AwakeInstancesAfterBackupRestoration (6ms)
Platform modules already initialized, skipping
Refreshing native plugins compatible for Editor in 1.71 ms, found 2 plugins.
Preloading 0 native plugins for Editor in 0.00 ms.
Unloading 3374 Unused Serialized files (Serialized files now loaded: 0)
Unloading 20 unused Assets / (70.9 KB). Loaded Objects now: 3842.
Memory consumption went from 229.2 MB to 229.2 MB.
Total: 3.880935 ms (FindLiveObjects: 0.310006 ms CreateObjectMapping: 0.150352 ms MarkObjects: 3.325858 ms  DeleteObjects: 0.093662 ms)

AssetImportParameters requested are different than current active one (requested -> active):
  custom:video-decoder-ogg-theora: a1e56fd34408186e4bbccfd4996cb3dc -> 
  custom:container-muxer-webm: aa71ff27fc2769a1b78a27578f13a17b -> 
  custom:container-demuxer-webm: 4f35f7cbe854078d1ac9338744f61a02 -> 
  custom:video-encoder-webm-vp8: eb34c28f22e8b96e1ab97ce403110664 -> 
  custom:framework-osx-AVFoundation: b23960f63f64bdc6ff669e2cdcee2391 -> 
  custom:audio-encoder-webm-vorbis: bf7c407c2cedff20999df2af8eb42d56 -> 
  custom:container-demuxer-ogg: 62fdf1f143b41e24485cea50d1cbac27 -> 
  custom:video-decoder-webm-vp8: 9c59270c3fd7afecdb556c50c9e8de78 -> 
  custom:audio-decoder-ogg-vorbis: bf7c407c2cedff20999df2af8eb42d56 -> 
========================================================================
Received Import Request.
  Time since last request: 10090.548883 seconds.
  path: Assets/Pro Magic Pack/Crouch To Standing Idle.fbx
  artifactKey: Guid(a924fd4e392d92d4f81c02a58d19068d) Importer(815301076,1909f56bfc062723c751e8b465ee728b)
Start importing Assets/Pro Magic Pack/Crouch To Standing Idle.fbx using Guid(a924fd4e392d92d4f81c02a58d19068d) Importer(815301076,1909f56bfc062723c751e8b465ee728b)  -> (artifact id: 'f23dca682083d124f3c32799f1b7ce42') in 0.433870 seconds 
========================================================================
Received Import Request.
  Time since last request: 0.000095 seconds.
  path: Assets/Pro Magic Pack/Crouch Turn Left 90.fbx
  artifactKey: Guid(e21c550480b2de945b68d4c7ee689fdf) Importer(815301076,1909f56bfc062723c751e8b465ee728b)
Start importing Assets/Pro Magic Pack/Crouch Turn Left 90.fbx using Guid(e21c550480b2de945b68d4c7ee689fdf) Importer(815301076,1909f56bfc062723c751e8b465ee728b)  -> (artifact id: '87a12c2e8cdf2fd40b62d67431f40136') in 0.011629 seconds 
========================================================================
Received Import Request.
  Time since last request: 0.000085 seconds.
  path: Assets/Pro Magic Pack/Standing React Death Left.fbx
  artifactKey: Guid(e0c85fc1d6480494582f7c9eda61ca5f) Importer(815301076,1909f56bfc062723c751e8b465ee728b)
Start importing Assets/Pro Magic Pack/Standing React Death Left.fbx using Guid(e0c85fc1d6480494582f7c9eda61ca5f) Importer(815301076,1909f56bfc062723c751e8b465ee728b)  -> (artifact id: '783540c190ab8f69a7cab46458b8909d') in 0.011892 seconds 
========================================================================
Received Import Request.
  Time since last request: 0.000096 seconds.
  path: Assets/Pro Magic Pack/Crouch Walk Right.fbx
  artifactKey: Guid(012b13cea5088214483d6d2f031c2c93) Importer(815301076,1909f56bfc062723c751e8b465ee728b)
Start importing Assets/Pro Magic Pack/Crouch Walk Right.fbx using Guid(012b13cea5088214483d6d2f031c2c93) Importer(815301076,1909f56bfc062723c751e8b465ee728b)  -> (artifact id: 'fdb1cec3cff8c2224e6a01bc5b54e44b') in 0.010462 seconds 
========================================================================
Received Import Request.
  Time since last request: 0.000102 seconds.
  path: Assets/Pro Magic Pack/Standing React Large From Right.fbx
  artifactKey: Guid(c52eba33ede4f164ca37817a6cada224) Importer(815301076,1909f56bfc062723c751e8b465ee728b)
Start importing Assets/Pro Magic Pack/Standing React Large From Right.fbx using Guid(c52eba33ede4f164ca37817a6cada224) Importer(815301076,1909f56bfc062723c751e8b465ee728b)  -> (artifact id: 'bbe72a0a794d0dc3cefce1769c05ecdf') in 0.010730 seconds 
========================================================================
Received Import Request.
  Time since last request: 0.000081 seconds.
  path: Assets/Pro Magic Pack/Standing Turn Right 90.fbx
  artifactKey: Guid(c789178cae1843a408cdaab759989310) Importer(815301076,1909f56bfc062723c751e8b465ee728b)
Start importing Assets/Pro Magic Pack/Standing Turn Right 90.fbx using Guid(c789178cae1843a408cdaab759989310) Importer(815301076,1909f56bfc062723c751e8b465ee728b)  -> (artifact id: '4e4dad24ee28d8d95d4215638feaa767') in 0.011345 seconds 
========================================================================
Received Import Request.
  Time since last request: 0.000079 seconds.
  path: Assets/Pro Magic Pack/Standing Block Idle.fbx
  artifactKey: Guid(922310f9ecc2d4840813f6548f47defd) Importer(815301076,1909f56bfc062723c751e8b465ee728b)
Start importing Assets/Pro Magic Pack/Standing Block Idle.fbx using Guid(922310f9ecc2d4840813f6548f47defd) Importer(815301076,1909f56bfc062723c751e8b465ee728b)  -> (artifact id: '448a4d8c17978bca6f510768449fa07f') in 0.010120 seconds 
========================================================================
Received Import Request.
  Time since last request: 0.000086 seconds.
  path: Assets/Pro Magic Pack/Standing Land To Standing Idle.fbx
  artifactKey: Guid(b5890aa4fc25776478239c6075413fcd) Importer(815301076,1909f56bfc062723c751e8b465ee728b)
Start importing Assets/Pro Magic Pack/Standing Land To Standing Idle.fbx using Guid(b5890aa4fc25776478239c6075413fcd) Importer(815301076,1909f56bfc062723c751e8b465ee728b)  -> (artifact id: 'df716daf2ddaa3a5337541379e6b6e4a') in 0.012275 seconds 
========================================================================
Received Import Request.
  Time since last request: 0.000087 seconds.
  path: Assets/Pro Magic Pack/Standing 1H Magic Attack 02.fbx
  artifactKey: Guid(1edf473346761c1489d8f2fa2b34b563) Importer(815301076,1909f56bfc062723c751e8b465ee728b)
Start importing Assets/Pro Magic Pack/Standing 1H Magic Attack 02.fbx using Guid(1edf473346761c1489d8f2fa2b34b563) Importer(815301076,1909f56bfc062723c751e8b465ee728b)  -> (artifact id: 'b94965b98b86a1b6eaa3564b5022a126') in 0.011119 seconds 
========================================================================
Received Import Request.
  Time since last request: 0.000079 seconds.
  path: Assets/Pro Magic Pack/Crouch Walk Back.fbx
  artifactKey: Guid(b97516bb3af75754791de151acd0f424) Importer(815301076,1909f56bfc062723c751e8b465ee728b)
Start importing Assets/Pro Magic Pack/Crouch Walk Back.fbx using Guid(b97516bb3af75754791de151acd0f424) Importer(815301076,1909f56bfc062723c751e8b465ee728b)  -> (artifact id: 'dd026b6126e7ded863e206674683ba9a') in 0.012957 seconds 
========================================================================
Received Import Request.
  Time since last request: 0.000087 seconds.
  path: Assets/Pro Magic Pack/Standing Walk Left.fbx
  artifactKey: Guid(0e59412c9b819f7449272f57f0b188d7) Importer(815301076,1909f56bfc062723c751e8b465ee728b)
Start importing Assets/Pro Magic Pack/Standing Walk Left.fbx using Guid(0e59412c9b819f7449272f57f0b188d7) Importer(815301076,1909f56bfc062723c751e8b465ee728b)  -> (artifact id: '6fd40d508c8544ac094bc17a1b5e1777') in 0.012101 seconds 
========================================================================
Received Import Request.
  Time since last request: 0.000082 seconds.
  path: Assets/Pro Magic Pack/Standing Block Start.fbx
  artifactKey: Guid(987c6c0d37e79fa4295a64730d95e903) Importer(815301076,1909f56bfc062723c751e8b465ee728b)
Start importing Assets/Pro Magic Pack/Standing Block Start.fbx using Guid(987c6c0d37e79fa4295a64730d95e903) Importer(815301076,1909f56bfc062723c751e8b465ee728b)  -> (artifact id: '3433940b7a86571e118d7c66c3345f9c') in 0.013730 seconds 
========================================================================
Received Import Request.
  Time since last request: 0.000128 seconds.
  path: Assets/Pro Magic Pack/Standing React Large From Front.fbx
  artifactKey: Guid(0e36e94206c34f6479b5d1c028541187) Importer(815301076,1909f56bfc062723c751e8b465ee728b)
Start importing Assets/Pro Magic Pack/Standing React Large From Front.fbx using Guid(0e36e94206c34f6479b5d1c028541187) Importer(815301076,1909f56bfc062723c751e8b465ee728b)  -> (artifact id: 'b43d42dce51c7724ba63c6b9d77c7f06') in 0.013892 seconds 
========================================================================
Received Import Request.
  Time since last request: 0.000086 seconds.
  path: Assets/Pro Magic Pack/Standing React Large From Back.fbx
  artifactKey: Guid(bf3cae52ecede2d4384810f3c38eacbd) Importer(815301076,1909f56bfc062723c751e8b465ee728b)
Start importing Assets/Pro Magic Pack/Standing React Large From Back.fbx using Guid(bf3cae52ecede2d4384810f3c38eacbd) Importer(815301076,1909f56bfc062723c751e8b465ee728b)  -> (artifact id: '66b5193e29190a8ca4c5cc05a80097c0') in 0.012321 seconds 
========================================================================
Received Import Request.
  Time since last request: 0.000086 seconds.
  path: Assets/Pro Magic Pack/Standing React Small From Left.fbx
  artifactKey: Guid(6acaff1d2eec2a24198772d6e05f0469) Importer(815301076,1909f56bfc062723c751e8b465ee728b)
Start importing Assets/Pro Magic Pack/Standing React Small From Left.fbx using Guid(6acaff1d2eec2a24198772d6e05f0469) Importer(815301076,1909f56bfc062723c751e8b465ee728b)  -> (artifact id: '789ae5b6677fb32482d89de35418f25e') in 0.011970 seconds 
========================================================================
Received Import Request.
  Time since last request: 0.000087 seconds.
  path: Assets/Pro Magic Pack/Standing React Large From Left.fbx
  artifactKey: Guid(7b348d0a9cec9e34bb7c28e6fe646796) Importer(815301076,1909f56bfc062723c751e8b465ee728b)
Start importing Assets/Pro Magic Pack/Standing React Large From Left.fbx using Guid(7b348d0a9cec9e34bb7c28e6fe646796) Importer(815301076,1909f56bfc062723c751e8b465ee728b)  -> (artifact id: 'f09fe559333ff5df78e247a3f589796a') in 0.011836 seconds 
========================================================================
Received Import Request.
  Time since last request: 0.000088 seconds.
  path: Assets/Pro Magic Pack/Crouch Turn Right 90.fbx
  artifactKey: Guid(fcd6b38b7d623d04e925c0073594a21e) Importer(815301076,1909f56bfc062723c751e8b465ee728b)
Start importing Assets/Pro Magic Pack/Crouch Turn Right 90.fbx using Guid(fcd6b38b7d623d04e925c0073594a21e) Importer(815301076,1909f56bfc062723c751e8b465ee728b)  -> (artifact id: '840c14ded5d282b6e5f7f54b1e022761') in 0.009821 seconds 
========================================================================
Received Import Request.
  Time since last request: 0.000089 seconds.
  path: Assets/Pro Magic Pack/Standing Turn Left 90.fbx
  artifactKey: Guid(3182d16dc668031458b907c0cb71aac9) Importer(815301076,1909f56bfc062723c751e8b465ee728b)
Start importing Assets/Pro Magic Pack/Standing Turn Left 90.fbx using Guid(3182d16dc668031458b907c0cb71aac9) Importer(815301076,1909f56bfc062723c751e8b465ee728b)  -> (artifact id: 'a9c32ef853d51a23415c5b95eee547ae') in 0.011281 seconds 
========================================================================
Received Import Request.
  Time since last request: 0.000099 seconds.
  path: Assets/Pro Magic Pack/Standing Idle 04.fbx
  artifactKey: Guid(e764250d6b44c7e4bae69c553f6500c4) Importer(815301076,1909f56bfc062723c751e8b465ee728b)
Start importing Assets/Pro Magic Pack/Standing Idle 04.fbx using Guid(e764250d6b44c7e4bae69c553f6500c4) Importer(815301076,1909f56bfc062723c751e8b465ee728b)  -> (artifact id: 'e7e08247554621481711a813d0917f9f') in 0.010910 seconds 
========================================================================
Received Import Request.
  Time since last request: 0.000084 seconds.
  path: Assets/Pro Magic Pack/Standing Run Forward.fbx
  artifactKey: Guid(1f911d1d4d6fe274a9315ba5c9b98363) Importer(815301076,1909f56bfc062723c751e8b465ee728b)
Start importing Assets/Pro Magic Pack/Standing Run Forward.fbx using Guid(1f911d1d4d6fe274a9315ba5c9b98363) Importer(815301076,1909f56bfc062723c751e8b465ee728b)  -> (artifact id: 'c8a3903895687bb6ed351e2213d1e328') in 0.011046 seconds 
========================================================================
Received Import Request.
  Time since last request: 0.000098 seconds.
  path: Assets/Pro Magic Pack/Standing 2H Magic Attack 04.fbx
  artifactKey: Guid(99eab69bb8f3a014cae6ca580d1879b0) Importer(815301076,1909f56bfc062723c751e8b465ee728b)
Start importing Assets/Pro Magic Pack/Standing 2H Magic Attack 04.fbx using Guid(99eab69bb8f3a014cae6ca580d1879b0) Importer(815301076,1909f56bfc062723c751e8b465ee728b)  -> (artifact id: '1c064861a2d051eb3096c09ea7ed0247') in 0.010802 seconds 
========================================================================
Received Import Request.
  Time since last request: 0.000072 seconds.
  path: Assets/Pro Magic Pack/Standing Idle To Crouch.fbx
  artifactKey: Guid(162407e5f3717084780d131037953b17) Importer(815301076,1909f56bfc062723c751e8b465ee728b)
Start importing Assets/Pro Magic Pack/Standing Idle To Crouch.fbx using Guid(162407e5f3717084780d131037953b17) Importer(815301076,1909f56bfc062723c751e8b465ee728b)  -> (artifact id: '5b4a51715faca9531c69b0d54632d8ea') in 0.010300 seconds 
========================================================================
Received Import Request.
  Time since last request: 0.000080 seconds.
  path: Assets/Pro Magic Pack/Standing 2H Magic Attack 05.fbx
  artifactKey: Guid(56b9c2a32cb31d54f9b259b09997c832) Importer(815301076,1909f56bfc062723c751e8b465ee728b)
Start importing Assets/Pro Magic Pack/Standing 2H Magic Attack 05.fbx using Guid(56b9c2a32cb31d54f9b259b09997c832) Importer(815301076,1909f56bfc062723c751e8b465ee728b)  -> (artifact id: '1995f5c2670015f98ad4c4c4a577fd82') in 0.010734 seconds 
========================================================================
Received Import Request.
  Time since last request: 0.000086 seconds.
  path: Assets/Pro Magic Pack/X Bot.fbx
  artifactKey: Guid(f5204375066e1b74ab496d6714016c3c) Importer(815301076,1909f56bfc062723c751e8b465ee728b)
Start importing Assets/Pro Magic Pack/X Bot.fbx using Guid(f5204375066e1b74ab496d6714016c3c) Importer(815301076,1909f56bfc062723c751e8b465ee728b)  -> (artifact id: 'a36df1c405c6a64b0d3c91279a385030') in 0.755687 seconds 
========================================================================
Received Prepare
Registering precompiled user dll's ...
Registered in 0.003912 seconds.
Begin MonoManager ReloadAssembly
Symbol file LoadedFromMemory doesn't match image /Users/student/Documents/GitHub/MTEC-2120/MTEC 2120 Animation H.W/Library/PackageCache/com.unity.visualscripting@1.7.8/Editor/VisualScripting.Core/Dependencies/YamlDotNet/Unity.VisualScripting.YamlDotNet.dll
Symbol file LoadedFromMemory doesn't match image /Users/student/Documents/GitHub/MTEC-2120/MTEC 2120 Animation H.W/Library/PackageCache/com.unity.visualscripting@1.7.8/Editor/VisualScripting.Core/Dependencies/DotNetZip/Unity.VisualScripting.IonicZip.dll
Native extension for OSXStandalone target not found
Refreshing native plugins compatible for Editor in 0.72 ms, found 2 plugins.
Preloading 0 native plugins for Editor in 0.00 ms.
Mono: successfully reloaded assembly
- Completed reload, in  1.573 seconds
Domain Reload Profiling:
	ReloadAssembly (1574ms)
		BeginReloadAssembly (179ms)
			ExecutionOrderSort (0ms)
			DisableScriptedObjects (7ms)
			BackupInstance (0ms)
			ReleaseScriptingObjects (0ms)
			CreateAndSetChildDomain (76ms)
		EndReloadAssembly (1235ms)
			LoadAssemblies (80ms)
			RebuildTransferFunctionScriptingTraits (0ms)
			SetupTypeCache (455ms)
			ReleaseScriptCaches (1ms)
			RebuildScriptCaches (75ms)
			SetupLoadedEditorAssemblies (528ms)
				LogAssemblyErrors (0ms)
				InitializePlatformSupportModulesInManaged (14ms)
				SetLoadedEditorAssemblies (1ms)
				RefreshPlugins (1ms)
				BeforeProcessingInitializeOnLoad (92ms)
				ProcessInitializeOnLoadAttributes (369ms)
				ProcessInitializeOnLoadMethodAttributes (49ms)
				AfterProcessingInitializeOnLoad (3ms)
				EditorAssembliesLoaded (0ms)
			ExecutionOrderSort2 (0ms)
			AwakeInstancesAfterBackupRestoration (7ms)
Platform modules already initialized, skipping
Refreshing native plugins compatible for Editor in 1.92 ms, found 2 plugins.
Preloading 0 native plugins for Editor in 0.00 ms.
Unloading 3374 Unused Serialized files (Serialized files now loaded: 0)
Unloading 20 unused Assets / (71.3 KB). Loaded Objects now: 3889.
Memory consumption went from 251.9 MB to 251.8 MB.
Total: 3.980748 ms (FindLiveObjects: 0.330416 ms CreateObjectMapping: 0.168008 ms MarkObjects: 3.372156 ms  DeleteObjects: 0.108641 ms)

AssetImportParameters requested are different than current active one (requested -> active):
  custom:video-decoder-ogg-theora: a1e56fd34408186e4bbccfd4996cb3dc -> 
  custom:container-muxer-webm: aa71ff27fc2769a1b78a27578f13a17b -> 
  custom:container-demuxer-webm: 4f35f7cbe854078d1ac9338744f61a02 -> 
  custom:video-encoder-webm-vp8: eb34c28f22e8b96e1ab97ce403110664 -> 
  custom:framework-osx-AVFoundation: b23960f63f64bdc6ff669e2cdcee2391 -> 
  custom:audio-encoder-webm-vorbis: bf7c407c2cedff20999df2af8eb42d56 -> 
  custom:container-demuxer-ogg: 62fdf1f143b41e24485cea50d1cbac27 -> 
  custom:video-decoder-webm-vp8: 9c59270c3fd7afecdb556c50c9e8de78 -> 
  custom:audio-decoder-ogg-vorbis: bf7c407c2cedff20999df2af8eb42d56 -> 
========================================================================
Received Prepare
Registering precompiled user dll's ...
Registered in 0.003965 seconds.
Begin MonoManager ReloadAssembly
Symbol file LoadedFromMemory doesn't match image /Users/student/Documents/GitHub/MTEC-2120/MTEC 2120 Animation H.W/Library/PackageCache/com.unity.visualscripting@1.7.8/Editor/VisualScripting.Core/Dependencies/YamlDotNet/Unity.VisualScripting.YamlDotNet.dll
Symbol file LoadedFromMemory doesn't match image /Users/student/Documents/GitHub/MTEC-2120/MTEC 2120 Animation H.W/Library/PackageCache/com.unity.visualscripting@1.7.8/Editor/VisualScripting.Core/Dependencies/DotNetZip/Unity.VisualScripting.IonicZip.dll
Native extension for OSXStandalone target not found
Refreshing native plugins compatible for Editor in 0.71 ms, found 2 plugins.
Preloading 0 native plugins for Editor in 0.00 ms.
Mono: successfully reloaded assembly
- Completed reload, in  1.559 seconds
Domain Reload Profiling:
	ReloadAssembly (1560ms)
		BeginReloadAssembly (178ms)
			ExecutionOrderSort (0ms)
			DisableScriptedObjects (9ms)
			BackupInstance (0ms)
			ReleaseScriptingObjects (0ms)
			CreateAndSetChildDomain (71ms)
		EndReloadAssembly (1225ms)
			LoadAssemblies (80ms)
			RebuildTransferFunctionScriptingTraits (0ms)
			SetupTypeCache (459ms)
			ReleaseScriptCaches (1ms)
			RebuildScriptCaches (72ms)
			SetupLoadedEditorAssemblies (521ms)
				LogAssemblyErrors (0ms)
				InitializePlatformSupportModulesInManaged (13ms)
				SetLoadedEditorAssemblies (1ms)
				RefreshPlugins (1ms)
				BeforeProcessingInitializeOnLoad (90ms)
				ProcessInitializeOnLoadAttributes (366ms)
				ProcessInitializeOnLoadMethodAttributes (47ms)
				AfterProcessingInitializeOnLoad (2ms)
				EditorAssembliesLoaded (0ms)
			ExecutionOrderSort2 (0ms)
			AwakeInstancesAfterBackupRestoration (7ms)
Platform modules already initialized, skipping
Refreshing native plugins compatible for Editor in 2.22 ms, found 2 plugins.
Preloading 0 native plugins for Editor in 0.00 ms.
Unloading 3374 Unused Serialized files (Serialized files now loaded: 0)
Unloading 20 unused Assets / (71.0 KB). Loaded Objects now: 3892.
Memory consumption went from 252.1 MB to 252.0 MB.
Total: 4.205815 ms (FindLiveObjects: 0.329186 ms CreateObjectMapping: 0.202696 ms MarkObjects: 3.547011 ms  DeleteObjects: 0.125488 ms)

AssetImportParameters requested are different than current active one (requested -> active):
  custom:video-decoder-ogg-theora: a1e56fd34408186e4bbccfd4996cb3dc -> 
  custom:container-muxer-webm: aa71ff27fc2769a1b78a27578f13a17b -> 
  custom:container-demuxer-webm: 4f35f7cbe854078d1ac9338744f61a02 -> 
  custom:video-encoder-webm-vp8: eb34c28f22e8b96e1ab97ce403110664 -> 
  custom:framework-osx-AVFoundation: b23960f63f64bdc6ff669e2cdcee2391 -> 
  custom:audio-encoder-webm-vorbis: bf7c407c2cedff20999df2af8eb42d56 -> 
  custom:container-demuxer-ogg: 62fdf1f143b41e24485cea50d1cbac27 -> 
  custom:video-decoder-webm-vp8: 9c59270c3fd7afecdb556c50c9e8de78 -> 
  custom:audio-decoder-ogg-vorbis: bf7c407c2cedff20999df2af8eb42d56 -> 
========================================================================
Received Prepare
Registering precompiled user dll's ...
Registered in 0.004531 seconds.
Begin MonoManager ReloadAssembly
Symbol file LoadedFromMemory doesn't match image /Users/student/Documents/GitHub/MTEC-2120/MTEC 2120 Animation H.W/Library/PackageCache/com.unity.visualscripting@1.7.8/Editor/VisualScripting.Core/Dependencies/YamlDotNet/Unity.VisualScripting.YamlDotNet.dll
Symbol file LoadedFromMemory doesn't match image /Users/student/Documents/GitHub/MTEC-2120/MTEC 2120 Animation H.W/Library/PackageCache/com.unity.visualscripting@1.7.8/Editor/VisualScripting.Core/Dependencies/DotNetZip/Unity.VisualScripting.IonicZip.dll
Native extension for OSXStandalone target not found
Refreshing native plugins compatible for Editor in 0.69 ms, found 2 plugins.
Preloading 0 native plugins for Editor in 0.00 ms.
Mono: successfully reloaded assembly
- Completed reload, in  1.965 seconds
Domain Reload Profiling:
	ReloadAssembly (1967ms)
		BeginReloadAssembly (227ms)
			ExecutionOrderSort (0ms)
			DisableScriptedObjects (10ms)
			BackupInstance (0ms)
			ReleaseScriptingObjects (0ms)
			CreateAndSetChildDomain (100ms)
		EndReloadAssembly (1559ms)
			LoadAssemblies (95ms)
			RebuildTransferFunctionScriptingTraits (0ms)
			SetupTypeCache (555ms)
			ReleaseScriptCaches (2ms)
			RebuildScriptCaches (88ms)
			SetupLoadedEditorAssemblies (691ms)
				LogAssemblyErrors (0ms)
				InitializePlatformSupportModulesInManaged (17ms)
				SetLoadedEditorAssemblies (1ms)
				RefreshPlugins (1ms)
				BeforeProcessingInitializeOnLoad (111ms)
				ProcessInitializeOnLoadAttributes (484ms)
				ProcessInitializeOnLoadMethodAttributes (72ms)
				AfterProcessingInitializeOnLoad (5ms)
				EditorAssembliesLoaded (0ms)
			ExecutionOrderSort2 (0ms)
			AwakeInstancesAfterBackupRestoration (12ms)
Platform modules already initialized, skipping
Refreshing native plugins compatible for Editor in 1.97 ms, found 2 plugins.
Preloading 0 native plugins for Editor in 0.00 ms.
Unloading 3374 Unused Serialized files (Serialized files now loaded: 0)
Unloading 20 unused Assets / (71.1 KB). Loaded Objects now: 3895.
Memory consumption went from 252.3 MB to 252.2 MB.
Total: 4.630401 ms (FindLiveObjects: 0.305580 ms CreateObjectMapping: 0.135836 ms MarkObjects: 4.019445 ms  DeleteObjects: 0.168109 ms)

AssetImportParameters requested are different than current active one (requested -> active):
  custom:video-decoder-ogg-theora: a1e56fd34408186e4bbccfd4996cb3dc -> 
  custom:container-muxer-webm: aa71ff27fc2769a1b78a27578f13a17b -> 
  custom:container-demuxer-webm: 4f35f7cbe854078d1ac9338744f61a02 -> 
  custom:video-encoder-webm-vp8: eb34c28f22e8b96e1ab97ce403110664 -> 
  custom:framework-osx-AVFoundation: b23960f63f64bdc6ff669e2cdcee2391 -> 
  custom:audio-encoder-webm-vorbis: bf7c407c2cedff20999df2af8eb42d56 -> 
  custom:container-demuxer-ogg: 62fdf1f143b41e24485cea50d1cbac27 -> 
  custom:video-decoder-webm-vp8: 9c59270c3fd7afecdb556c50c9e8de78 -> 
  custom:audio-decoder-ogg-vorbis: bf7c407c2cedff20999df2af8eb42d56 -> 
========================================================================
Received Prepare
Registering precompiled user dll's ...
Registered in 0.003939 seconds.
Begin MonoManager ReloadAssembly
Symbol file LoadedFromMemory doesn't match image /Users/student/Documents/GitHub/MTEC-2120/MTEC 2120 Animation H.W/Library/PackageCache/com.unity.visualscripting@1.7.8/Editor/VisualScripting.Core/Dependencies/YamlDotNet/Unity.VisualScripting.YamlDotNet.dll
Symbol file LoadedFromMemory doesn't match image /Users/student/Documents/GitHub/MTEC-2120/MTEC 2120 Animation H.W/Library/PackageCache/com.unity.visualscripting@1.7.8/Editor/VisualScripting.Core/Dependencies/DotNetZip/Unity.VisualScripting.IonicZip.dll
Native extension for OSXStandalone target not found
Refreshing native plugins compatible for Editor in 0.65 ms, found 2 plugins.
Preloading 0 native plugins for Editor in 0.00 ms.
Mono: successfully reloaded assembly
- Completed reload, in  1.577 seconds
Domain Reload Profiling:
	ReloadAssembly (1579ms)
		BeginReloadAssembly (177ms)
			ExecutionOrderSort (0ms)
			DisableScriptedObjects (9ms)
			BackupInstance (0ms)
			ReleaseScriptingObjects (0ms)
			CreateAndSetChildDomain (72ms)
		EndReloadAssembly (1246ms)
			LoadAssemblies (77ms)
			RebuildTransferFunctionScriptingTraits (0ms)
			SetupTypeCache (468ms)
			ReleaseScriptCaches (1ms)
			RebuildScriptCaches (74ms)
			SetupLoadedEditorAssemblies (529ms)
				LogAssemblyErrors (0ms)
				InitializePlatformSupportModulesInManaged (14ms)
				SetLoadedEditorAssemblies (1ms)
				RefreshPlugins (1ms)
				BeforeProcessingInitializeOnLoad (92ms)
				ProcessInitializeOnLoadAttributes (371ms)
				ProcessInitializeOnLoadMethodAttributes (47ms)
				AfterProcessingInitializeOnLoad (3ms)
				EditorAssembliesLoaded (0ms)
			ExecutionOrderSort2 (0ms)
			AwakeInstancesAfterBackupRestoration (7ms)
Platform modules already initialized, skipping
Refreshing native plugins compatible for Editor in 1.69 ms, found 2 plugins.
Preloading 0 native plugins for Editor in 0.00 ms.
Unloading 3374 Unused Serialized files (Serialized files now loaded: 0)
Unloading 20 unused Assets / (71.0 KB). Loaded Objects now: 3898.
Memory consumption went from 252.5 MB to 252.4 MB.
Total: 4.139715 ms (FindLiveObjects: 0.302654 ms CreateObjectMapping: 0.145135 ms MarkObjects: 3.568159 ms  DeleteObjects: 0.122333 ms)

AssetImportParameters requested are different than current active one (requested -> active):
  custom:video-decoder-ogg-theora: a1e56fd34408186e4bbccfd4996cb3dc -> 
  custom:container-muxer-webm: aa71ff27fc2769a1b78a27578f13a17b -> 
  custom:container-demuxer-webm: 4f35f7cbe854078d1ac9338744f61a02 -> 
  custom:video-encoder-webm-vp8: eb34c28f22e8b96e1ab97ce403110664 -> 
  custom:framework-osx-AVFoundation: b23960f63f64bdc6ff669e2cdcee2391 -> 
  custom:audio-encoder-webm-vorbis: bf7c407c2cedff20999df2af8eb42d56 -> 
  custom:container-demuxer-ogg: 62fdf1f143b41e24485cea50d1cbac27 -> 
  custom:video-decoder-webm-vp8: 9c59270c3fd7afecdb556c50c9e8de78 -> 
  custom:audio-decoder-ogg-vorbis: bf7c407c2cedff20999df2af8eb42d56 -> 
========================================================================
Received Prepare
Registering precompiled user dll's ...
Registered in 0.004315 seconds.
Begin MonoManager ReloadAssembly
Symbol file LoadedFromMemory doesn't match image /Users/student/Documents/GitHub/MTEC-2120/MTEC 2120 Animation H.W/Library/PackageCache/com.unity.visualscripting@1.7.8/Editor/VisualScripting.Core/Dependencies/YamlDotNet/Unity.VisualScripting.YamlDotNet.dll
Symbol file LoadedFromMemory doesn't match image /Users/student/Documents/GitHub/MTEC-2120/MTEC 2120 Animation H.W/Library/PackageCache/com.unity.visualscripting@1.7.8/Editor/VisualScripting.Core/Dependencies/DotNetZip/Unity.VisualScripting.IonicZip.dll
Native extension for OSXStandalone target not found
Refreshing native plugins compatible for Editor in 0.73 ms, found 2 plugins.
Preloading 0 native plugins for Editor in 0.00 ms.
Mono: successfully reloaded assembly
- Completed reload, in  1.611 seconds
Domain Reload Profiling:
	ReloadAssembly (1612ms)
		BeginReloadAssembly (176ms)
			ExecutionOrderSort (0ms)
			DisableScriptedObjects (9ms)
			BackupInstance (0ms)
			ReleaseScriptingObjects (0ms)
			CreateAndSetChildDomain (73ms)
		EndReloadAssembly (1279ms)
			LoadAssemblies (76ms)
			RebuildTransferFunctionScriptingTraits (0ms)
			SetupTypeCache (478ms)
			ReleaseScriptCaches (1ms)
			RebuildScriptCaches (76ms)
			SetupLoadedEditorAssemblies (546ms)
				LogAssemblyErrors (0ms)
				InitializePlatformSupportModulesInManaged (14ms)
				SetLoadedEditorAssemblies (1ms)
				RefreshPlugins (1ms)
				BeforeProcessingInitializeOnLoad (95ms)
				ProcessInitializeOnLoadAttributes (383ms)
				ProcessInitializeOnLoadMethodAttributes (49ms)
				AfterProcessingInitializeOnLoad (3ms)
				EditorAssembliesLoaded (0ms)
			ExecutionOrderSort2 (0ms)
			AwakeInstancesAfterBackupRestoration (6ms)
Platform modules already initialized, skipping
Refreshing native plugins compatible for Editor in 1.85 ms, found 2 plugins.
Preloading 0 native plugins for Editor in 0.00 ms.
Unloading 3374 Unused Serialized files (Serialized files now loaded: 0)
Unloading 20 unused Assets / (71.2 KB). Loaded Objects now: 3901.
Memory consumption went from 252.7 MB to 252.6 MB.
Total: 4.470429 ms (FindLiveObjects: 0.393196 ms CreateObjectMapping: 0.158565 ms MarkObjects: 3.807550 ms  DeleteObjects: 0.109514 ms)

AssetImportParameters requested are different than current active one (requested -> active):
  custom:video-decoder-ogg-theora: a1e56fd34408186e4bbccfd4996cb3dc -> 
  custom:container-muxer-webm: aa71ff27fc2769a1b78a27578f13a17b -> 
  custom:container-demuxer-webm: 4f35f7cbe854078d1ac9338744f61a02 -> 
  custom:video-encoder-webm-vp8: eb34c28f22e8b96e1ab97ce403110664 -> 
  custom:framework-osx-AVFoundation: b23960f63f64bdc6ff669e2cdcee2391 -> 
  custom:audio-encoder-webm-vorbis: bf7c407c2cedff20999df2af8eb42d56 -> 
  custom:container-demuxer-ogg: 62fdf1f143b41e24485cea50d1cbac27 -> 
  custom:video-decoder-webm-vp8: 9c59270c3fd7afecdb556c50c9e8de78 -> 
  custom:audio-decoder-ogg-vorbis: bf7c407c2cedff20999df2af8eb42d56 -> 
========================================================================
Received Prepare
Registering precompiled user dll's ...
Registered in 0.004190 seconds.
Begin MonoManager ReloadAssembly
Symbol file LoadedFromMemory doesn't match image /Users/student/Documents/GitHub/MTEC-2120/MTEC 2120 Animation H.W/Library/PackageCache/com.unity.visualscripting@1.7.8/Editor/VisualScripting.Core/Dependencies/YamlDotNet/Unity.VisualScripting.YamlDotNet.dll
Symbol file LoadedFromMemory doesn't match image /Users/student/Documents/GitHub/MTEC-2120/MTEC 2120 Animation H.W/Library/PackageCache/com.unity.visualscripting@1.7.8/Editor/VisualScripting.Core/Dependencies/DotNetZip/Unity.VisualScripting.IonicZip.dll
Native extension for OSXStandalone target not found
Refreshing native plugins compatible for Editor in 0.86 ms, found 2 plugins.
Preloading 0 native plugins for Editor in 0.00 ms.
Mono: successfully reloaded assembly
- Completed reload, in  1.550 seconds
Domain Reload Profiling:
	ReloadAssembly (1551ms)
		BeginReloadAssembly (178ms)
			ExecutionOrderSort (0ms)
			DisableScriptedObjects (9ms)
			BackupInstance (0ms)
			ReleaseScriptingObjects (0ms)
			CreateAndSetChildDomain (74ms)
		EndReloadAssembly (1217ms)
			LoadAssemblies (77ms)
			RebuildTransferFunctionScriptingTraits (0ms)
			SetupTypeCache (451ms)
			ReleaseScriptCaches (1ms)
			RebuildScriptCaches (73ms)
			SetupLoadedEditorAssemblies (519ms)
				LogAssemblyErrors (0ms)
				InitializePlatformSupportModulesInManaged (15ms)
				SetLoadedEditorAssemblies (1ms)
				RefreshPlugins (1ms)
				BeforeProcessingInitializeOnLoad (90ms)
				ProcessInitializeOnLoadAttributes (365ms)
				ProcessInitializeOnLoadMethodAttributes (46ms)
				AfterProcessingInitializeOnLoad (2ms)
				EditorAssembliesLoaded (0ms)
			ExecutionOrderSort2 (0ms)
			AwakeInstancesAfterBackupRestoration (7ms)
Platform modules already initialized, skipping
Refreshing native plugins compatible for Editor in 1.92 ms, found 2 plugins.
Preloading 0 native plugins for Editor in 0.00 ms.
Unloading 3374 Unused Serialized files (Serialized files now loaded: 0)
Unloading 20 unused Assets / (71.1 KB). Loaded Objects now: 3904.
Memory consumption went from 252.9 MB to 252.8 MB.
Total: 4.078577 ms (FindLiveObjects: 0.330851 ms CreateObjectMapping: 0.138304 ms MarkObjects: 3.503296 ms  DeleteObjects: 0.104751 ms)

AssetImportParameters requested are different than current active one (requested -> active):
  custom:video-decoder-ogg-theora: a1e56fd34408186e4bbccfd4996cb3dc -> 
  custom:container-muxer-webm: aa71ff27fc2769a1b78a27578f13a17b -> 
  custom:container-demuxer-webm: 4f35f7cbe854078d1ac9338744f61a02 -> 
  custom:video-encoder-webm-vp8: eb34c28f22e8b96e1ab97ce403110664 -> 
  custom:framework-osx-AVFoundation: b23960f63f64bdc6ff669e2cdcee2391 -> 
  custom:audio-encoder-webm-vorbis: bf7c407c2cedff20999df2af8eb42d56 -> 
  custom:container-demuxer-ogg: 62fdf1f143b41e24485cea50d1cbac27 -> 
  custom:video-decoder-webm-vp8: 9c59270c3fd7afecdb556c50c9e8de78 -> 
  custom:audio-decoder-ogg-vorbis: bf7c407c2cedff20999df2af8eb42d56 -> 
========================================================================
Received Prepare
Registering precompiled user dll's ...
Registered in 0.004034 seconds.
Begin MonoManager ReloadAssembly
Symbol file LoadedFromMemory doesn't match image /Users/student/Documents/GitHub/MTEC-2120/MTEC 2120 Animation H.W/Library/PackageCache/com.unity.visualscripting@1.7.8/Editor/VisualScripting.Core/Dependencies/YamlDotNet/Unity.VisualScripting.YamlDotNet.dll
Symbol file LoadedFromMemory doesn't match image /Users/student/Documents/GitHub/MTEC-2120/MTEC 2120 Animation H.W/Library/PackageCache/com.unity.visualscripting@1.7.8/Editor/VisualScripting.Core/Dependencies/DotNetZip/Unity.VisualScripting.IonicZip.dll
Native extension for OSXStandalone target not found
Refreshing native plugins compatible for Editor in 0.62 ms, found 2 plugins.
Preloading 0 native plugins for Editor in 0.00 ms.
Mono: successfully reloaded assembly
- Completed reload, in  1.548 seconds
Domain Reload Profiling:
	ReloadAssembly (1549ms)
		BeginReloadAssembly (177ms)
			ExecutionOrderSort (0ms)
			DisableScriptedObjects (9ms)
			BackupInstance (0ms)
			ReleaseScriptingObjects (0ms)
			CreateAndSetChildDomain (72ms)
		EndReloadAssembly (1215ms)
			LoadAssemblies (78ms)
			RebuildTransferFunctionScriptingTraits (0ms)
			SetupTypeCache (453ms)
			ReleaseScriptCaches (2ms)
			RebuildScriptCaches (72ms)
			SetupLoadedEditorAssemblies (522ms)
				LogAssemblyErrors (0ms)
				InitializePlatformSupportModulesInManaged (14ms)
				SetLoadedEditorAssemblies (1ms)
				RefreshPlugins (1ms)
				BeforeProcessingInitializeOnLoad (92ms)
				ProcessInitializeOnLoadAttributes (366ms)
				ProcessInitializeOnLoadMethodAttributes (47ms)
				AfterProcessingInitializeOnLoad (3ms)
				EditorAssembliesLoaded (0ms)
			ExecutionOrderSort2 (0ms)
			AwakeInstancesAfterBackupRestoration (6ms)
Platform modules already initialized, skipping
Refreshing native plugins compatible for Editor in 2.02 ms, found 2 plugins.
Preloading 0 native plugins for Editor in 0.00 ms.
Unloading 3374 Unused Serialized files (Serialized files now loaded: 0)
Unloading 20 unused Assets / (71.0 KB). Loaded Objects now: 3907.
Memory consumption went from 253.1 MB to 253.0 MB.
Total: 4.115106 ms (FindLiveObjects: 0.296203 ms CreateObjectMapping: 0.135420 ms MarkObjects: 3.569101 ms  DeleteObjects: 0.112942 ms)

AssetImportParameters requested are different than current active one (requested -> active):
  custom:video-decoder-ogg-theora: a1e56fd34408186e4bbccfd4996cb3dc -> 
  custom:container-muxer-webm: aa71ff27fc2769a1b78a27578f13a17b -> 
  custom:container-demuxer-webm: 4f35f7cbe854078d1ac9338744f61a02 -> 
  custom:video-encoder-webm-vp8: eb34c28f22e8b96e1ab97ce403110664 -> 
  custom:framework-osx-AVFoundation: b23960f63f64bdc6ff669e2cdcee2391 -> 
  custom:audio-encoder-webm-vorbis: bf7c407c2cedff20999df2af8eb42d56 -> 
  custom:container-demuxer-ogg: 62fdf1f143b41e24485cea50d1cbac27 -> 
  custom:video-decoder-webm-vp8: 9c59270c3fd7afecdb556c50c9e8de78 -> 
  custom:audio-decoder-ogg-vorbis: bf7c407c2cedff20999df2af8eb42d56 -> 
========================================================================
Received Prepare
Registering precompiled user dll's ...
Registered in 0.004027 seconds.
Begin MonoManager ReloadAssembly
Symbol file LoadedFromMemory doesn't match image /Users/student/Documents/GitHub/MTEC-2120/MTEC 2120 Animation H.W/Library/PackageCache/com.unity.visualscripting@1.7.8/Editor/VisualScripting.Core/Dependencies/YamlDotNet/Unity.VisualScripting.YamlDotNet.dll
Symbol file LoadedFromMemory doesn't match image /Users/student/Documents/GitHub/MTEC-2120/MTEC 2120 Animation H.W/Library/PackageCache/com.unity.visualscripting@1.7.8/Editor/VisualScripting.Core/Dependencies/DotNetZip/Unity.VisualScripting.IonicZip.dll
Native extension for OSXStandalone target not found
Refreshing native plugins compatible for Editor in 0.71 ms, found 2 plugins.
Preloading 0 native plugins for Editor in 0.00 ms.
Mono: successfully reloaded assembly
- Completed reload, in  1.551 seconds
Domain Reload Profiling:
	ReloadAssembly (1552ms)
		BeginReloadAssembly (179ms)
			ExecutionOrderSort (0ms)
			DisableScriptedObjects (9ms)
			BackupInstance (0ms)
			ReleaseScriptingObjects (0ms)
			CreateAndSetChildDomain (73ms)
		EndReloadAssembly (1214ms)
			LoadAssemblies (81ms)
			RebuildTransferFunctionScriptingTraits (0ms)
			SetupTypeCache (450ms)
			ReleaseScriptCaches (2ms)
			RebuildScriptCaches (73ms)
			SetupLoadedEditorAssemblies (519ms)
				LogAssemblyErrors (0ms)
				InitializePlatformSupportModulesInManaged (13ms)
				SetLoadedEditorAssemblies (1ms)
				RefreshPlugins (1ms)
				BeforeProcessingInitializeOnLoad (91ms)
				ProcessInitializeOnLoadAttributes (364ms)
				ProcessInitializeOnLoadMethodAttributes (47ms)
				AfterProcessingInitializeOnLoad (2ms)
				EditorAssembliesLoaded (0ms)
			ExecutionOrderSort2 (0ms)
			AwakeInstancesAfterBackupRestoration (7ms)
Platform modules already initialized, skipping
Refreshing native plugins compatible for Editor in 2.06 ms, found 2 plugins.
Preloading 0 native plugins for Editor in 0.00 ms.
Unloading 3374 Unused Serialized files (Serialized files now loaded: 0)
Unloading 20 unused Assets / (71.0 KB). Loaded Objects now: 3910.
Memory consumption went from 253.3 MB to 253.2 MB.
Total: 4.171414 ms (FindLiveObjects: 0.298500 ms CreateObjectMapping: 0.139257 ms MarkObjects: 3.605857 ms  DeleteObjects: 0.125950 ms)

AssetImportParameters requested are different than current active one (requested -> active):
  custom:video-decoder-ogg-theora: a1e56fd34408186e4bbccfd4996cb3dc -> 
  custom:container-muxer-webm: aa71ff27fc2769a1b78a27578f13a17b -> 
  custom:container-demuxer-webm: 4f35f7cbe854078d1ac9338744f61a02 -> 
  custom:video-encoder-webm-vp8: eb34c28f22e8b96e1ab97ce403110664 -> 
  custom:framework-osx-AVFoundation: b23960f63f64bdc6ff669e2cdcee2391 -> 
  custom:audio-encoder-webm-vorbis: bf7c407c2cedff20999df2af8eb42d56 -> 
  custom:container-demuxer-ogg: 62fdf1f143b41e24485cea50d1cbac27 -> 
  custom:video-decoder-webm-vp8: 9c59270c3fd7afecdb556c50c9e8de78 -> 
  custom:audio-decoder-ogg-vorbis: bf7c407c2cedff20999df2af8eb42d56 -> 
========================================================================
Received Prepare
Registering precompiled user dll's ...
Registered in 0.004282 seconds.
Begin MonoManager ReloadAssembly
Symbol file LoadedFromMemory doesn't match image /Users/student/Documents/GitHub/MTEC-2120/MTEC 2120 Animation H.W/Library/PackageCache/com.unity.visualscripting@1.7.8/Editor/VisualScripting.Core/Dependencies/YamlDotNet/Unity.VisualScripting.YamlDotNet.dll
Symbol file LoadedFromMemory doesn't match image /Users/student/Documents/GitHub/MTEC-2120/MTEC 2120 Animation H.W/Library/PackageCache/com.unity.visualscripting@1.7.8/Editor/VisualScripting.Core/Dependencies/DotNetZip/Unity.VisualScripting.IonicZip.dll
Native extension for OSXStandalone target not found
Refreshing native plugins compatible for Editor in 0.90 ms, found 2 plugins.
Preloading 0 native plugins for Editor in 0.00 ms.
Mono: successfully reloaded assembly
- Completed reload, in  1.551 seconds
Domain Reload Profiling:
	ReloadAssembly (1552ms)
		BeginReloadAssembly (178ms)
			ExecutionOrderSort (0ms)
			DisableScriptedObjects (9ms)
			BackupInstance (0ms)
			ReleaseScriptingObjects (0ms)
			CreateAndSetChildDomain (73ms)
		EndReloadAssembly (1218ms)
			LoadAssemblies (77ms)
			RebuildTransferFunctionScriptingTraits (0ms)
			SetupTypeCache (453ms)
			ReleaseScriptCaches (2ms)
			RebuildScriptCaches (73ms)
			SetupLoadedEditorAssemblies (521ms)
				LogAssemblyErrors (0ms)
				InitializePlatformSupportModulesInManaged (14ms)
				SetLoadedEditorAssemblies (1ms)
				RefreshPlugins (1ms)
				BeforeProcessingInitializeOnLoad (91ms)
				ProcessInitializeOnLoadAttributes (365ms)
				ProcessInitializeOnLoadMethodAttributes (46ms)
				AfterProcessingInitializeOnLoad (3ms)
				EditorAssembliesLoaded (0ms)
			ExecutionOrderSort2 (0ms)
			AwakeInstancesAfterBackupRestoration (7ms)
Platform modules already initialized, skipping
Refreshing native plugins compatible for Editor in 2.00 ms, found 2 plugins.
Preloading 0 native plugins for Editor in 0.00 ms.
Unloading 3374 Unused Serialized files (Serialized files now loaded: 0)
Unloading 20 unused Assets / (71.1 KB). Loaded Objects now: 3913.
Memory consumption went from 253.5 MB to 253.4 MB.
Total: 4.540191 ms (FindLiveObjects: 0.302526 ms CreateObjectMapping: 0.136351 ms MarkObjects: 3.902910 ms  DeleteObjects: 0.196621 ms)

AssetImportParameters requested are different than current active one (requested -> active):
  custom:video-decoder-ogg-theora: a1e56fd34408186e4bbccfd4996cb3dc -> 
  custom:container-muxer-webm: aa71ff27fc2769a1b78a27578f13a17b -> 
  custom:container-demuxer-webm: 4f35f7cbe854078d1ac9338744f61a02 -> 
  custom:video-encoder-webm-vp8: eb34c28f22e8b96e1ab97ce403110664 -> 
  custom:framework-osx-AVFoundation: b23960f63f64bdc6ff669e2cdcee2391 -> 
  custom:audio-encoder-webm-vorbis: bf7c407c2cedff20999df2af8eb42d56 -> 
  custom:container-demuxer-ogg: 62fdf1f143b41e24485cea50d1cbac27 -> 
  custom:video-decoder-webm-vp8: 9c59270c3fd7afecdb556c50c9e8de78 -> 
  custom:audio-decoder-ogg-vorbis: bf7c407c2cedff20999df2af8eb42d56 -> 
========================================================================
Received Prepare
Registering precompiled user dll's ...
Registered in 0.004128 seconds.
Begin MonoManager ReloadAssembly
Symbol file LoadedFromMemory doesn't match image /Users/student/Documents/GitHub/MTEC-2120/MTEC 2120 Animation H.W/Library/PackageCache/com.unity.visualscripting@1.7.8/Editor/VisualScripting.Core/Dependencies/YamlDotNet/Unity.VisualScripting.YamlDotNet.dll
Symbol file LoadedFromMemory doesn't match image /Users/student/Documents/GitHub/MTEC-2120/MTEC 2120 Animation H.W/Library/PackageCache/com.unity.visualscripting@1.7.8/Editor/VisualScripting.Core/Dependencies/DotNetZip/Unity.VisualScripting.IonicZip.dll
Native extension for OSXStandalone target not found
Refreshing native plugins compatible for Editor in 0.73 ms, found 2 plugins.
Preloading 0 native plugins for Editor in 0.00 ms.
Mono: successfully reloaded assembly
- Completed reload, in  1.555 seconds
Domain Reload Profiling:
	ReloadAssembly (1556ms)
		BeginReloadAssembly (179ms)
			ExecutionOrderSort (0ms)
			DisableScriptedObjects (10ms)
			BackupInstance (0ms)
			ReleaseScriptingObjects (0ms)
			CreateAndSetChildDomain (73ms)
		EndReloadAssembly (1220ms)
			LoadAssemblies (76ms)
			RebuildTransferFunctionScriptingTraits (0ms)
			SetupTypeCache (455ms)
			ReleaseScriptCaches (1ms)
			RebuildScriptCaches (73ms)
			SetupLoadedEditorAssemblies (522ms)
				LogAssemblyErrors (0ms)
				InitializePlatformSupportModulesInManaged (14ms)
				SetLoadedEditorAssemblies (1ms)
				RefreshPlugins (1ms)
				BeforeProcessingInitializeOnLoad (90ms)
				ProcessInitializeOnLoadAttributes (367ms)
				ProcessInitializeOnLoadMethodAttributes (46ms)
				AfterProcessingInitializeOnLoad (3ms)
				EditorAssembliesLoaded (0ms)
			ExecutionOrderSort2 (0ms)
			AwakeInstancesAfterBackupRestoration (6ms)
Platform modules already initialized, skipping
Refreshing native plugins compatible for Editor in 1.82 ms, found 2 plugins.
Preloading 0 native plugins for Editor in 0.00 ms.
Unloading 3374 Unused Serialized files (Serialized files now loaded: 0)
Unloading 20 unused Assets / (71.9 KB). Loaded Objects now: 3916.
Memory consumption went from 253.7 MB to 253.6 MB.
Total: 4.727167 ms (FindLiveObjects: 0.316263 ms CreateObjectMapping: 0.219075 ms MarkObjects: 4.048171 ms  DeleteObjects: 0.141881 ms)

AssetImportParameters requested are different than current active one (requested -> active):
  custom:video-decoder-ogg-theora: a1e56fd34408186e4bbccfd4996cb3dc -> 
  custom:container-muxer-webm: aa71ff27fc2769a1b78a27578f13a17b -> 
  custom:container-demuxer-webm: 4f35f7cbe854078d1ac9338744f61a02 -> 
  custom:video-encoder-webm-vp8: eb34c28f22e8b96e1ab97ce403110664 -> 
  custom:framework-osx-AVFoundation: b23960f63f64bdc6ff669e2cdcee2391 -> 
  custom:audio-encoder-webm-vorbis: bf7c407c2cedff20999df2af8eb42d56 -> 
  custom:container-demuxer-ogg: 62fdf1f143b41e24485cea50d1cbac27 -> 
  custom:video-decoder-webm-vp8: 9c59270c3fd7afecdb556c50c9e8de78 -> 
  custom:audio-decoder-ogg-vorbis: bf7c407c2cedff20999df2af8eb42d56 -> 
========================================================================
Received Prepare
Registering precompiled user dll's ...
Registered in 0.003921 seconds.
Begin MonoManager ReloadAssembly
Symbol file LoadedFromMemory doesn't match image /Users/student/Documents/GitHub/MTEC-2120/MTEC 2120 Animation H.W/Library/PackageCache/com.unity.visualscripting@1.7.8/Editor/VisualScripting.Core/Dependencies/YamlDotNet/Unity.VisualScripting.YamlDotNet.dll
Symbol file LoadedFromMemory doesn't match image /Users/student/Documents/GitHub/MTEC-2120/MTEC 2120 Animation H.W/Library/PackageCache/com.unity.visualscripting@1.7.8/Editor/VisualScripting.Core/Dependencies/DotNetZip/Unity.VisualScripting.IonicZip.dll
Native extension for OSXStandalone target not found
Refreshing native plugins compatible for Editor in 0.75 ms, found 2 plugins.
Preloading 0 native plugins for Editor in 0.00 ms.
Mono: successfully reloaded assembly
- Completed reload, in  1.550 seconds
Domain Reload Profiling:
	ReloadAssembly (1551ms)
		BeginReloadAssembly (177ms)
			ExecutionOrderSort (0ms)
			DisableScriptedObjects (9ms)
			BackupInstance (0ms)
			ReleaseScriptingObjects (0ms)
			CreateAndSetChildDomain (73ms)
		EndReloadAssembly (1217ms)
			LoadAssemblies (77ms)
			RebuildTransferFunctionScriptingTraits (0ms)
			SetupTypeCache (456ms)
			ReleaseScriptCaches (1ms)
			RebuildScriptCaches (71ms)
			SetupLoadedEditorAssemblies (518ms)
				LogAssemblyErrors (0ms)
				InitializePlatformSupportModulesInManaged (14ms)
				SetLoadedEditorAssemblies (1ms)
				RefreshPlugins (1ms)
				BeforeProcessingInitializeOnLoad (90ms)
				ProcessInitializeOnLoadAttributes (363ms)
				ProcessInitializeOnLoadMethodAttributes (46ms)
				AfterProcessingInitializeOnLoad (3ms)
				EditorAssembliesLoaded (0ms)
			ExecutionOrderSort2 (0ms)
			AwakeInstancesAfterBackupRestoration (6ms)
Platform modules already initialized, skipping
Refreshing native plugins compatible for Editor in 1.79 ms, found 2 plugins.
Preloading 0 native plugins for Editor in 0.00 ms.
Unloading 3374 Unused Serialized files (Serialized files now loaded: 0)
Unloading 20 unused Assets / (71.0 KB). Loaded Objects now: 3919.
Memory consumption went from 253.9 MB to 253.8 MB.
Total: 4.147813 ms (FindLiveObjects: 0.299653 ms CreateObjectMapping: 0.134375 ms MarkObjects: 3.606326 ms  DeleteObjects: 0.106159 ms)

AssetImportParameters requested are different than current active one (requested -> active):
  custom:video-decoder-ogg-theora: a1e56fd34408186e4bbccfd4996cb3dc -> 
  custom:container-muxer-webm: aa71ff27fc2769a1b78a27578f13a17b -> 
  custom:container-demuxer-webm: 4f35f7cbe854078d1ac9338744f61a02 -> 
  custom:video-encoder-webm-vp8: eb34c28f22e8b96e1ab97ce403110664 -> 
  custom:framework-osx-AVFoundation: b23960f63f64bdc6ff669e2cdcee2391 -> 
  custom:audio-encoder-webm-vorbis: bf7c407c2cedff20999df2af8eb42d56 -> 
  custom:container-demuxer-ogg: 62fdf1f143b41e24485cea50d1cbac27 -> 
  custom:video-decoder-webm-vp8: 9c59270c3fd7afecdb556c50c9e8de78 -> 
  custom:audio-decoder-ogg-vorbis: bf7c407c2cedff20999df2af8eb42d56 -> 
