Using pre-set license
Built from '2020.3/staging' branch; Version is '2020.3.20f1 (41c4e627c95f) revision 4310246'; Using compiler version '192528614'; Build Type 'Release'
OS: 'Windows 10 Pro; OS build 19044.1889; Version 2009; 64bit' Language: 'en' Physical Memory: 16295 MB
BatchMode: 1, IsHumanControllingUs: 0, StartBugReporterOnCrash: 0, Is64bit: 1, IsPro: 0

COMMAND LINE ARGUMENTS:
C:\Program Files\Unity\Hub\Editor\2020.3.20f1\Editor\Unity.exe
-adb2
-batchMode
-noUpm
-name
AssetImportWorker0
-projectPath
C:/Users/James/Documents/GitHub/MTEC-2120/MTEC 2120 Terrains
-logFile
Logs/AssetImportWorker0.log
-srvPort
58373
Successfully changed project path to: C:/Users/James/Documents/GitHub/MTEC-2120/MTEC 2120 Terrains
C:/Users/James/Documents/GitHub/MTEC-2120/MTEC 2120 Terrains
Using Asset Import Pipeline V2.
Refreshing native plugins compatible for Editor in 36.40 ms, found 2 plugins.
Preloading 0 native plugins for Editor in 0.00 ms.
Initialize engine version: 2020.3.20f1 (41c4e627c95f)
[Subsystems] Discovering subsystems at path C:/Program Files/Unity/Hub/Editor/2020.3.20f1/Editor/Data/Resources/UnitySubsystems
[Subsystems] Discovering subsystems at path C:/Users/James/Documents/GitHub/MTEC-2120/MTEC 2120 Terrains/Assets
GfxDevice: creating device client; threaded=0
Direct3D:
    Version:  Direct3D 11.0 [level 11.1]
    Renderer: NVIDIA GeForce RTX 3070 Ti (ID=0x2482)
    Vendor:   
    VRAM:     8041 MB
    Driver:   31.0.15.1694
Initialize mono
Mono path[0] = 'C:/Program Files/Unity/Hub/Editor/2020.3.20f1/Editor/Data/Managed'
Mono path[1] = 'C:/Program Files/Unity/Hub/Editor/2020.3.20f1/Editor/Data/MonoBleedingEdge/lib/mono/unityjit'
Mono config path = 'C:/Program Files/Unity/Hub/Editor/2020.3.20f1/Editor/Data/MonoBleedingEdge/etc'
Using monoOptions --debugger-agent=transport=dt_socket,embedding=1,server=y,suspend=n,address=127.0.0.1:56792
Begin MonoManager ReloadAssembly
Registering precompiled unity dll's ...
Register platform support module: C:/Program Files/Unity/Hub/Editor/2020.3.20f1/Editor/Data/PlaybackEngines/WindowsStandaloneSupport/UnityEditor.WindowsStandalone.Extensions.dll
Registered in 0.001425 seconds.
Native extension for WindowsStandalone target not found
Refreshing native plugins compatible for Editor in 35.51 ms, found 2 plugins.
Preloading 0 native plugins for Editor in 0.00 ms.
Mono: successfully reloaded assembly
- Completed reload, in  1.859 seconds
Domain Reload Profiling:
	ReloadAssembly (1860ms)
		BeginReloadAssembly (39ms)
			ExecutionOrderSort (0ms)
			DisableScriptedObjects (0ms)
			BackupInstance (0ms)
			ReleaseScriptingObjects (0ms)
			CreateAndSetChildDomain (1ms)
		EndReloadAssembly (292ms)
			LoadAssemblies (37ms)
			RebuildTransferFunctionScriptingTraits (0ms)
			SetupTypeCache (95ms)
			ReleaseScriptCaches (0ms)
			RebuildScriptCaches (18ms)
			SetupLoadedEditorAssemblies (127ms)
				LogAssemblyErrors (0ms)
				InitializePlatformSupportModulesInManaged (3ms)
				SetLoadedEditorAssemblies (0ms)
				RefreshPlugins (36ms)
				BeforeProcessingInitializeOnLoad (12ms)
				ProcessInitializeOnLoadAttributes (57ms)
				ProcessInitializeOnLoadMethodAttributes (19ms)
				AfterProcessingInitializeOnLoad (0ms)
				EditorAssembliesLoaded (0ms)
			ExecutionOrderSort2 (0ms)
			AwakeInstancesAfterBackupRestoration (0ms)
Platform modules already initialized, skipping
Registering precompiled user dll's ...
Registered in 0.003296 seconds.
Begin MonoManager ReloadAssembly
Native extension for WindowsStandalone target not found
Refreshing native plugins compatible for Editor in 33.42 ms, found 2 plugins.
Preloading 0 native plugins for Editor in 0.00 ms.
Mono: successfully reloaded assembly
- Completed reload, in  0.810 seconds
Domain Reload Profiling:
	ReloadAssembly (811ms)
		BeginReloadAssembly (99ms)
			ExecutionOrderSort (0ms)
			DisableScriptedObjects (3ms)
			BackupInstance (0ms)
			ReleaseScriptingObjects (0ms)
			CreateAndSetChildDomain (16ms)
		EndReloadAssembly (668ms)
			LoadAssemblies (71ms)
			RebuildTransferFunctionScriptingTraits (0ms)
			SetupTypeCache (185ms)
			ReleaseScriptCaches (0ms)
			RebuildScriptCaches (31ms)
			SetupLoadedEditorAssemblies (301ms)
				LogAssemblyErrors (0ms)
				InitializePlatformSupportModulesInManaged (3ms)
				SetLoadedEditorAssemblies (0ms)
				RefreshPlugins (33ms)
				BeforeProcessingInitializeOnLoad (56ms)
				ProcessInitializeOnLoadAttributes (180ms)
				ProcessInitializeOnLoadMethodAttributes (23ms)
				AfterProcessingInitializeOnLoad (5ms)
				EditorAssembliesLoaded (0ms)
			ExecutionOrderSort2 (0ms)
			AwakeInstancesAfterBackupRestoration (5ms)
Platform modules already initialized, skipping
========================================================================
Worker process is ready to serve import requests
Launched and connected shader compiler UnityShaderCompiler.exe after 0.04 seconds
Refreshing native plugins compatible for Editor in 0.96 ms, found 2 plugins.
Preloading 0 native plugins for Editor in 0.00 ms.
Unloading 2234 Unused Serialized files (Serialized files now loaded: 0)
System memory in use before: 113.5 MB.
System memory in use after: 113.5 MB.

Unloading 22 unused Assets to reduce memory usage. Loaded Objects now: 2691.
Total: 2.816300 ms (FindLiveObjects: 0.187500 ms CreateObjectMapping: 0.064900 ms MarkObjects: 2.429000 ms  DeleteObjects: 0.133800 ms)

AssetImportParameters requested are different than current active one (requested -> active):
  custom:framework-win-MediaFoundation: 216162199b28c13a410421893ffa2e32 -> 
  custom:video-decoder-ogg-theora: a1e56fd34408186e4bbccfd4996cb3dc -> 
  custom:container-muxer-webm: aa71ff27fc2769a1b78a27578f13a17b -> 
  custom:container-demuxer-webm: 4f35f7cbe854078d1ac9338744f61a02 -> 
  custom:container-demuxer-ogg: 62fdf1f143b41e24485cea50d1cbac27 -> 
  custom:video-encoder-webm-vp8: eb34c28f22e8b96e1ab97ce403110664 -> 
  custom:video-decoder-webm-vp8: 9c59270c3fd7afecdb556c50c9e8de78 -> 
  custom:audio-decoder-ogg-vorbis: bf7c407c2cedff20999df2af8eb42d56 -> 
  custom:audio-encoder-webm-vorbis: bf7c407c2cedff20999df2af8eb42d56 -> 
========================================================================
Received Import Request.
  path: Assets/StarterAssets/ThirdPersonController/Prefabs/PlayerArmature.prefab
  artifactKey: Guid(64dce48905ffd9b4293e595fa6941544) Importer(815301076,1909f56bfc062723c751e8b465ee728b)
Start importing Assets/StarterAssets/ThirdPersonController/Prefabs/PlayerArmature.prefab using Guid(64dce48905ffd9b4293e595fa6941544) Importer(815301076,1909f56bfc062723c751e8b465ee728b)  -> (artifact id: 'fb056756e455968bcfd5ba227f4c26a6') in 0.246787 seconds 
  Import took 0.252988 seconds .

========================================================================
Received Import Request.
  Time since last request: 0.000141 seconds.
  path: Assets/PolygonPi/FenceLayout/Example/TreesPrefab.prefab
  artifactKey: Guid(80b3b77ed9e3e3a42955d7f0086d5eaf) Importer(815301076,1909f56bfc062723c751e8b465ee728b)
Start importing Assets/PolygonPi/FenceLayout/Example/TreesPrefab.prefab using Guid(80b3b77ed9e3e3a42955d7f0086d5eaf) Importer(815301076,1909f56bfc062723c751e8b465ee728b)  -> (artifact id: 'adc9906f0ae8e56d0c23d81b2dd5d637') in 0.007792 seconds 
  Import took 0.010601 seconds .

========================================================================
Received Import Request.
  Time since last request: 0.000133 seconds.
  path: Assets/StarterAssets/Environment/Art/Materials/GridOrange_01_Mat.mat
  artifactKey: Guid(7ab977a21c92388468ee65ad1c0e5a78) Importer(815301076,1909f56bfc062723c751e8b465ee728b)
Start importing Assets/StarterAssets/Environment/Art/Materials/GridOrange_01_Mat.mat using Guid(7ab977a21c92388468ee65ad1c0e5a78) Importer(815301076,1909f56bfc062723c751e8b465ee728b)  -> (artifact id: '84a7c5628ea112de5b71d27a71f931b3') in 0.050188 seconds 
  Import took 0.053065 seconds .

========================================================================
Received Import Request.
  Time since last request: 0.000129 seconds.
  path: Assets/Materials/Mossy_Rock_1/Mossy_Rock_1.mat
  artifactKey: Guid(53265dae5796a24469be9851b3196140) Importer(815301076,1909f56bfc062723c751e8b465ee728b)
Start importing Assets/Materials/Mossy_Rock_1/Mossy_Rock_1.mat using Guid(53265dae5796a24469be9851b3196140) Importer(815301076,1909f56bfc062723c751e8b465ee728b)  -> (artifact id: 'd94f58bfbf4c3a8f0e4a9030cab6f3e7') in 0.083085 seconds 
  Import took 0.089426 seconds .

========================================================================
Received Import Request.
  Time since last request: 0.000133 seconds.
  path: Assets/Stylized Water For URP/Demos/Water/Floor.mat
  artifactKey: Guid(f2f7436c3cd39404e9ea1b0b9962707d) Importer(815301076,1909f56bfc062723c751e8b465ee728b)
Start importing Assets/Stylized Water For URP/Demos/Water/Floor.mat using Guid(f2f7436c3cd39404e9ea1b0b9962707d) Importer(815301076,1909f56bfc062723c751e8b465ee728b)  -> (artifact id: 'e03348d9a1bb545ea99db32a00a7f051') in 0.025021 seconds 
  Import took 0.028130 seconds .

========================================================================
Received Import Request.
  Time since last request: 0.000125 seconds.
  path: Assets/StarterAssets/Environment/Art/Materials/GridWhite_01_Mat.mat
  artifactKey: Guid(dbf898c9f9c4a2d46aa6336e23caeb61) Importer(815301076,1909f56bfc062723c751e8b465ee728b)
Start importing Assets/StarterAssets/Environment/Art/Materials/GridWhite_01_Mat.mat using Guid(dbf898c9f9c4a2d46aa6336e23caeb61) Importer(815301076,1909f56bfc062723c751e8b465ee728b)  -> (artifact id: '15f566ae9d5ac15be41980936f0487ee') in 0.018147 seconds 
  Import took 0.020723 seconds .

========================================================================
Received Import Request.
  Time since last request: 0.000149 seconds.
  path: Assets/StarterAssets/ThirdPersonController/Prefabs/NestedParentCapsule_Unpack.prefab
  artifactKey: Guid(212907312655a4443a025a304442c17c) Importer(815301076,1909f56bfc062723c751e8b465ee728b)
Start importing Assets/StarterAssets/ThirdPersonController/Prefabs/NestedParentCapsule_Unpack.prefab using Guid(212907312655a4443a025a304442c17c) Importer(815301076,1909f56bfc062723c751e8b465ee728b)  -> (artifact id: 'f03092ebd8121afd73664743ce47e0d6') in 0.044039 seconds 
  Import took 0.047147 seconds .

========================================================================
Received Import Request.
  Time since last request: 0.000137 seconds.
  path: Assets/StarterAssets/Mobile/Prefabs/VirtualInputs/UI_Virtual_Button.prefab
  artifactKey: Guid(9e55d9b4642484f41be20c69a9b48063) Importer(815301076,1909f56bfc062723c751e8b465ee728b)
Start importing Assets/StarterAssets/Mobile/Prefabs/VirtualInputs/UI_Virtual_Button.prefab using Guid(9e55d9b4642484f41be20c69a9b48063) Importer(815301076,1909f56bfc062723c751e8b465ee728b)  -> (artifact id: '5454c89d2a530cafd2821139f48091db') in 0.006755 seconds 
  Import took 0.009634 seconds .

========================================================================
Received Import Request.
  Time since last request: 0.000119 seconds.
  path: Assets/Stylized Water For URP/Materials/Ocean.mat
  artifactKey: Guid(d337fc5282607644ebb2f3575513265e) Importer(815301076,1909f56bfc062723c751e8b465ee728b)
Start importing Assets/Stylized Water For URP/Materials/Ocean.mat using Guid(d337fc5282607644ebb2f3575513265e) Importer(815301076,1909f56bfc062723c751e8b465ee728b)  -> (artifact id: '3c626010a25175dde1d3c3a813580ed2') in 0.015824 seconds 
  Import took 0.018807 seconds .

========================================================================
Received Import Request.
  Time since last request: 0.000124 seconds.
  path: Assets/StarterAssets/Environment/Art/Materials/GridBlue_01_Mat.mat
  artifactKey: Guid(ff188f58422043f489060e28a5e4e0c0) Importer(815301076,1909f56bfc062723c751e8b465ee728b)
Start importing Assets/StarterAssets/Environment/Art/Materials/GridBlue_01_Mat.mat using Guid(ff188f58422043f489060e28a5e4e0c0) Importer(815301076,1909f56bfc062723c751e8b465ee728b)  -> (artifact id: '897ea3269f048ae5dd8fda1cbe3d46da') in 0.019971 seconds 
  Import took 0.022821 seconds .

========================================================================
Received Import Request.
  Time since last request: 0.000129 seconds.
  path: Assets/StarterAssets/ThirdPersonController/Prefabs/NestedParentArmature_Unpack.prefab
  artifactKey: Guid(c708a3b79cd542b42bbfedb17e213bc1) Importer(815301076,1909f56bfc062723c751e8b465ee728b)
Start importing Assets/StarterAssets/ThirdPersonController/Prefabs/NestedParentArmature_Unpack.prefab using Guid(c708a3b79cd542b42bbfedb17e213bc1) Importer(815301076,1909f56bfc062723c751e8b465ee728b)  -> (artifact id: '845d29a3a61a4a997bcaef25e41a2b87') in 0.049608 seconds 
  Import took 0.055926 seconds .

========================================================================
Received Import Request.
  Time since last request: 0.000127 seconds.
  path: Assets/Stylized Water For URP/Demos/Water/Black.mat
  artifactKey: Guid(fa72cc8cda47e9f4f8add63b13b5b9ef) Importer(815301076,1909f56bfc062723c751e8b465ee728b)
Start importing Assets/Stylized Water For URP/Demos/Water/Black.mat using Guid(fa72cc8cda47e9f4f8add63b13b5b9ef) Importer(815301076,1909f56bfc062723c751e8b465ee728b)  -> (artifact id: 'f6b635106613d8c84d1aa5684e888e40') in 0.016224 seconds 
  Import took 0.019294 seconds .

========================================================================
Received Import Request.
  Time since last request: 0.000120 seconds.
  path: Assets/Materials/Grass/Grass.mat
  artifactKey: Guid(a481b434c94e658408aaff3e0a64938b) Importer(815301076,1909f56bfc062723c751e8b465ee728b)
Start importing Assets/Materials/Grass/Grass.mat using Guid(a481b434c94e658408aaff3e0a64938b) Importer(815301076,1909f56bfc062723c751e8b465ee728b)  -> (artifact id: '41d307b403a965e0c38fca864635f18a') in 0.068142 seconds 
  Import took 0.073053 seconds .

========================================================================
Received Import Request.
  Time since last request: 0.000142 seconds.
  path: Assets/Materials/Flat_Rock_1/Flat_Rock_1.mat
  artifactKey: Guid(941a65f3767ad4b41806ac62bf8e9e29) Importer(815301076,1909f56bfc062723c751e8b465ee728b)
Start importing Assets/Materials/Flat_Rock_1/Flat_Rock_1.mat using Guid(941a65f3767ad4b41806ac62bf8e9e29) Importer(815301076,1909f56bfc062723c751e8b465ee728b)  -> (artifact id: 'e805619b3135db9cdd3c5f50fa8dfbd5') in 0.082103 seconds 
  Import took 0.087202 seconds .

========================================================================
Received Import Request.
  Time since last request: 0.000135 seconds.
  path: Assets/Stylized Water For URP/Materials/Beach.mat
  artifactKey: Guid(8aaa66d84e5e3734c9d80569abe197e6) Importer(815301076,1909f56bfc062723c751e8b465ee728b)
Start importing Assets/Stylized Water For URP/Materials/Beach.mat using Guid(8aaa66d84e5e3734c9d80569abe197e6) Importer(815301076,1909f56bfc062723c751e8b465ee728b)  -> (artifact id: 'b45279e454ce60b350a0da9fb1f7e6cf') in 0.012722 seconds 
  Import took 0.015692 seconds .

========================================================================
Received Import Request.
  Time since last request: 0.000121 seconds.
  path: Assets/Materials/Dry_Mud_1/Dry_Mud_1.mat
  artifactKey: Guid(9391b4d089413cc49a3e21dfc27498f9) Importer(815301076,1909f56bfc062723c751e8b465ee728b)
Start importing Assets/Materials/Dry_Mud_1/Dry_Mud_1.mat using Guid(9391b4d089413cc49a3e21dfc27498f9) Importer(815301076,1909f56bfc062723c751e8b465ee728b)  -> (artifact id: 'e60448d7d60bf3c8ff4559094f3557ae') in 0.075051 seconds 
  Import took 0.080328 seconds .

========================================================================
Received Import Request.
  Time since last request: 0.000127 seconds.
  path: Assets/Materials/Ground_Leaves_3/Ground_Leaves_3.mat
  artifactKey: Guid(e324888ea76b6054b837d22a6b3ef608) Importer(815301076,1909f56bfc062723c751e8b465ee728b)
Start importing Assets/Materials/Ground_Leaves_3/Ground_Leaves_3.mat using Guid(e324888ea76b6054b837d22a6b3ef608) Importer(815301076,1909f56bfc062723c751e8b465ee728b)  -> (artifact id: 'ae394bc603e1cbf0cdfdb4440050fab6') in 0.068771 seconds 
  Import took 0.073978 seconds .

========================================================================
Received Import Request.
  Time since last request: 0.000134 seconds.
  path: Assets/StarterAssets/Mobile/Prefabs/VirtualInputs/UI_Virtual_Joystick.prefab
  artifactKey: Guid(6eb08bfc0fd869c47b796c42ada099da) Importer(815301076,1909f56bfc062723c751e8b465ee728b)
Start importing Assets/StarterAssets/Mobile/Prefabs/VirtualInputs/UI_Virtual_Joystick.prefab using Guid(6eb08bfc0fd869c47b796c42ada099da) Importer(815301076,1909f56bfc062723c751e8b465ee728b)  -> (artifact id: '4ccf6b405a7f48aa6cb07504b0ea64f2') in 0.007135 seconds 
  Import took 0.009929 seconds .

========================================================================
Received Import Request.
  Time since last request: 0.000121 seconds.
  path: Assets/StarterAssets/Mobile/Prefabs/VirtualInputs/UI_Virtual_TouchZone.prefab
  artifactKey: Guid(c82978c3789dad44da354dc354c782b2) Importer(815301076,1909f56bfc062723c751e8b465ee728b)
Start importing Assets/StarterAssets/Mobile/Prefabs/VirtualInputs/UI_Virtual_TouchZone.prefab using Guid(c82978c3789dad44da354dc354c782b2) Importer(815301076,1909f56bfc062723c751e8b465ee728b)  -> (artifact id: '53cc7d36cde8df5452c8ab13514a5b25') in 0.007195 seconds 
  Import took 0.009766 seconds .

========================================================================
Received Import Request.
  Time since last request: 0.000121 seconds.
  path: Assets/StarterAssets/Environment/Art/Materials/GreyBlue_Mat.mat
  artifactKey: Guid(6b911390c5825014e8377183a7837d3f) Importer(815301076,1909f56bfc062723c751e8b465ee728b)
Start importing Assets/StarterAssets/Environment/Art/Materials/GreyBlue_Mat.mat using Guid(6b911390c5825014e8377183a7837d3f) Importer(815301076,1909f56bfc062723c751e8b465ee728b)  -> (artifact id: '12e2a2cdd19d64c763c00d30394a832d') in 0.012811 seconds 
  Import took 0.015649 seconds .

========================================================================
Received Import Request.
  Time since last request: 0.000126 seconds.
  path: Assets/Materials/Ground_Leaves_4/Ground_Leaves_4.mat
  artifactKey: Guid(9c94eb0affbde8e45bc88e6c8aa176b4) Importer(815301076,1909f56bfc062723c751e8b465ee728b)
Start importing Assets/Materials/Ground_Leaves_4/Ground_Leaves_4.mat using Guid(9c94eb0affbde8e45bc88e6c8aa176b4) Importer(815301076,1909f56bfc062723c751e8b465ee728b)  -> (artifact id: 'bbe8245dfecf62c5473d9f795243dabe') in 0.066389 seconds 
  Import took 0.071621 seconds .

========================================================================
Received Import Request.
  Time since last request: 0.000126 seconds.
  path: Assets/Grass And Flowers Pack 1/Example Scene/BlackMat.mat
  artifactKey: Guid(d9c07eda3dceab04db68ebf814681197) Importer(815301076,1909f56bfc062723c751e8b465ee728b)
Start importing Assets/Grass And Flowers Pack 1/Example Scene/BlackMat.mat using Guid(d9c07eda3dceab04db68ebf814681197) Importer(815301076,1909f56bfc062723c751e8b465ee728b)  -> (artifact id: '466df3079b4f472476252ab16da1df23') in 0.086496 seconds 
  Import took 0.089565 seconds .

========================================================================
Received Import Request.
  Time since last request: 0.000130 seconds.
  path: Assets/PolygonPi/FenceLayout/Example/FencesPrefab.prefab
  artifactKey: Guid(ffa1d3d761e5eff468dffd01f0c94d77) Importer(815301076,1909f56bfc062723c751e8b465ee728b)
Start importing Assets/PolygonPi/FenceLayout/Example/FencesPrefab.prefab using Guid(ffa1d3d761e5eff468dffd01f0c94d77) Importer(815301076,1909f56bfc062723c751e8b465ee728b)  -> (artifact id: 'a6f8a3971b10bfe4460a88530168a6d0') in 0.006704 seconds 
  Import took 0.009287 seconds .

========================================================================
Received Import Request.
  Time since last request: 0.000118 seconds.
  path: Assets/Textures/CloudBlur.mat
  artifactKey: Guid(a6003e66fc76447488796c7f0b80851c) Importer(815301076,1909f56bfc062723c751e8b465ee728b)
Start importing Assets/Textures/CloudBlur.mat using Guid(a6003e66fc76447488796c7f0b80851c) Importer(815301076,1909f56bfc062723c751e8b465ee728b)  -> (artifact id: '4a0f117c1396a3af5f86542324ebe6c9') in 0.020835 seconds 
  Import took 0.023924 seconds .

========================================================================
Received Import Request.
  Time since last request: 0.000190 seconds.
  path: Assets/Tree9/bark14.mat
  artifactKey: Guid(760ea8238d6219c42b2739f693d4c834) Importer(815301076,1909f56bfc062723c751e8b465ee728b)
Start importing Assets/Tree9/bark14.mat using Guid(760ea8238d6219c42b2739f693d4c834) Importer(815301076,1909f56bfc062723c751e8b465ee728b)  -> (artifact id: '08957843ac19c0a1cc485575f13c99ed') in 0.182231 seconds 
  Import took 0.185857 seconds .

========================================================================
Received Import Request.
  Time since last request: 0.000145 seconds.
  path: Assets/Materials/Flat_Moss_1/Flat_Moss_1.mat
  artifactKey: Guid(163aecf7c053a1a4dbc35670ff15aded) Importer(815301076,1909f56bfc062723c751e8b465ee728b)
Start importing Assets/Materials/Flat_Moss_1/Flat_Moss_1.mat using Guid(163aecf7c053a1a4dbc35670ff15aded) Importer(815301076,1909f56bfc062723c751e8b465ee728b)  -> (artifact id: 'a08f5f7a57fd53dc644fd2aac89e7e1d') in 0.066544 seconds 
  Import took 0.071885 seconds .

========================================================================
Received Import Request.
  Time since last request: 0.000136 seconds.
  path: Assets/StarterAssets/Mobile/Prefabs/CanvasInputs/UI_Canvas_StarterAssetsInputs_Joysticks.prefab
  artifactKey: Guid(2f7f3dde7ae722a4aafffe20691ad702) Importer(815301076,1909f56bfc062723c751e8b465ee728b)
Start importing Assets/StarterAssets/Mobile/Prefabs/CanvasInputs/UI_Canvas_StarterAssetsInputs_Joysticks.prefab using Guid(2f7f3dde7ae722a4aafffe20691ad702) Importer(815301076,1909f56bfc062723c751e8b465ee728b)  -> (artifact id: '20ed8b8593ae9292d391c118245efc10') in 0.008171 seconds 
  Import took 0.011386 seconds .

========================================================================
Received Import Request.
  Time since last request: 0.000117 seconds.
  path: Assets/StarterAssets/Environment/Art/Materials/Blue_Mat.mat
  artifactKey: Guid(979aef027a1c86c42a15ce35fce366fa) Importer(815301076,1909f56bfc062723c751e8b465ee728b)
Start importing Assets/StarterAssets/Environment/Art/Materials/Blue_Mat.mat using Guid(979aef027a1c86c42a15ce35fce366fa) Importer(815301076,1909f56bfc062723c751e8b465ee728b)  -> (artifact id: '12cc0a22af1f3b7a3ae25c7761732e6e') in 0.013933 seconds 
  Import took 0.016810 seconds .

========================================================================
Received Import Request.
  Time since last request: 0.000140 seconds.
  path: Assets/Stylized Water For URP/Demos/Buoyancy/Object.mat
  artifactKey: Guid(671c9d24ead9c3947976c7b0564722a1) Importer(815301076,1909f56bfc062723c751e8b465ee728b)
Start importing Assets/Stylized Water For URP/Demos/Buoyancy/Object.mat using Guid(671c9d24ead9c3947976c7b0564722a1) Importer(815301076,1909f56bfc062723c751e8b465ee728b)  -> (artifact id: '8c48142fc160c79d9b43a6bcefddd364') in 0.013056 seconds 
  Import took 0.015806 seconds .

========================================================================
Received Import Request.
  Time since last request: 0.000125 seconds.
  path: Assets/StarterAssets/Environment/Art/Materials/Built-in_RP/BuiltInTriplanar_01_Mat.mat
  artifactKey: Guid(3300a5c4710bac244815734e484b3b90) Importer(815301076,1909f56bfc062723c751e8b465ee728b)
Start importing Assets/StarterAssets/Environment/Art/Materials/Built-in_RP/BuiltInTriplanar_01_Mat.mat using Guid(3300a5c4710bac244815734e484b3b90) Importer(815301076,1909f56bfc062723c751e8b465ee728b)  -> (artifact id: '668c5f0b52180bd921c51964265957b2') in 0.190093 seconds 
  Import took 0.192641 seconds .

========================================================================
Received Import Request.
  Time since last request: 0.000140 seconds.
  path: Assets/StarterAssets/Mobile/Prefabs/CanvasInputs/UI_Canvas_StarterAssetsInputs_TouchZones.prefab
  artifactKey: Guid(7484ce6f8ca3d81408c606b5ae8b9ff3) Importer(815301076,1909f56bfc062723c751e8b465ee728b)
Start importing Assets/StarterAssets/Mobile/Prefabs/CanvasInputs/UI_Canvas_StarterAssetsInputs_TouchZones.prefab using Guid(7484ce6f8ca3d81408c606b5ae8b9ff3) Importer(815301076,1909f56bfc062723c751e8b465ee728b)  -> (artifact id: '9a4e56ae514e2b6be16a6f309c64b098') in 0.008669 seconds 
  Import took 0.012038 seconds .

========================================================================
Received Import Request.
  Time since last request: 0.000126 seconds.
  path: Assets/StarterAssets/ThirdPersonController/Prefabs/PlayerCapsule.prefab
  artifactKey: Guid(2553cec8fdb3eb643bbe9f2ec880c472) Importer(815301076,1909f56bfc062723c751e8b465ee728b)
Start importing Assets/StarterAssets/ThirdPersonController/Prefabs/PlayerCapsule.prefab using Guid(2553cec8fdb3eb643bbe9f2ec880c472) Importer(815301076,1909f56bfc062723c751e8b465ee728b)  -> (artifact id: 'd48e8dadc963c5676c2612be3e7d71c0') in 0.010519 seconds 
  Import took 0.013286 seconds .

========================================================================
Received Import Request.
  Time since last request: 0.000124 seconds.
  path: Assets/Materials/Dry_Ground_1/Dry_Ground_1.mat
  artifactKey: Guid(7443627c2644ca84e8a78e0402ec0d58) Importer(815301076,1909f56bfc062723c751e8b465ee728b)
Start importing Assets/Materials/Dry_Ground_1/Dry_Ground_1.mat using Guid(7443627c2644ca84e8a78e0402ec0d58) Importer(815301076,1909f56bfc062723c751e8b465ee728b)  -> (artifact id: '701818d3db342285dd83e89419f46413') in 0.141132 seconds 
  Import took 0.146208 seconds .

========================================================================
Received Import Request.
  Time since last request: 0.000129 seconds.
  path: Assets/Tree9/Materials/leaf.mat
  artifactKey: Guid(3b81562ccc7e92543a108e811251a16f) Importer(815301076,1909f56bfc062723c751e8b465ee728b)
Start importing Assets/Tree9/Materials/leaf.mat using Guid(3b81562ccc7e92543a108e811251a16f) Importer(815301076,1909f56bfc062723c751e8b465ee728b)  -> (artifact id: 'd8bce51d42539ea65462b997917a22d6') in 0.030333 seconds 
  Import took 0.033203 seconds .

========================================================================
Received Import Request.
  Time since last request: 0.120965 seconds.
  path: Assets/New Terrain.asset
  artifactKey: Guid(0fa703884e1210b4faaa927e2ef92136) Importer(815301076,1909f56bfc062723c751e8b465ee728b)
Start importing Assets/New Terrain.asset using Guid(0fa703884e1210b4faaa927e2ef92136) Importer(815301076,1909f56bfc062723c751e8b465ee728b)  -> (artifact id: 'f4b817c38f3f01731c02bee852698e1e') in 0.039434 seconds 
  Import took 0.043754 seconds .

========================================================================
Received Import Request.
  Time since last request: 0.000138 seconds.
  path: Assets/TerrainData_1706eb9b-9878-45de-ba2b-5e3ac14795fe.asset
  artifactKey: Guid(002ca96d593217142a6b353a208f61df) Importer(815301076,1909f56bfc062723c751e8b465ee728b)
Start importing Assets/TerrainData_1706eb9b-9878-45de-ba2b-5e3ac14795fe.asset using Guid(002ca96d593217142a6b353a208f61df) Importer(815301076,1909f56bfc062723c751e8b465ee728b) The tree SM_Rock_Side-A2_LOD2 couldn't be instanced because the prefab contains no valid mesh renderer.
 -> (artifact id: '992d998333b27c23760f8ecbc71d3f7f') in 0.024270 seconds 
  Import took 0.027226 seconds .

========================================================================
Received Import Request.
  Time since last request: 223.441385 seconds.
  path: Assets/Samples/ProBuilder/4.5.2/Universal Render Pipeline Support
  artifactKey: Guid(182d17484f6089e44951f501363b20c6) Importer(815301076,1909f56bfc062723c751e8b465ee728b)
Start importing Assets/Samples/ProBuilder/4.5.2/Universal Render Pipeline Support using Guid(182d17484f6089e44951f501363b20c6) Importer(815301076,1909f56bfc062723c751e8b465ee728b)  -> (artifact id: 'c74506a456aca2871ffb2b2bc4afa5f3') in 0.006083 seconds 
  Import took 0.009378 seconds .

========================================================================
Received Import Request.
  Time since last request: 0.299226 seconds.
  path: Assets/Samples/ProBuilder/4.5.2/High Definition Render Pipeline Support
  artifactKey: Guid(8cb780c175a602e45a84b604ca881349) Importer(815301076,1909f56bfc062723c751e8b465ee728b)
Start importing Assets/Samples/ProBuilder/4.5.2/High Definition Render Pipeline Support using Guid(8cb780c175a602e45a84b604ca881349) Importer(815301076,1909f56bfc062723c751e8b465ee728b)  -> (artifact id: '7970e8cc637bea051cc06e8d21f63fa6') in 0.005182 seconds 
  Import took 0.008647 seconds .

========================================================================
Received Import Request.
  Time since last request: 0.675724 seconds.
  path: Assets/Samples/ProBuilder/4.5.2/Editor Examples
  artifactKey: Guid(cb15c5c8a3dd551489f8fb028e1b3dcf) Importer(815301076,1909f56bfc062723c751e8b465ee728b)
Start importing Assets/Samples/ProBuilder/4.5.2/Editor Examples using Guid(cb15c5c8a3dd551489f8fb028e1b3dcf) Importer(815301076,1909f56bfc062723c751e8b465ee728b)  -> (artifact id: '531b1bb1e0efe577fccb6a5a03e16667') in 0.007205 seconds 
  Import took 0.011448 seconds .

========================================================================
Received Import Request.
  Time since last request: 2.822864 seconds.
  path: Assets/Samples/ProBuilder/4.5.2/Runtime Examples
  artifactKey: Guid(3c64c26bbe8d59b4babef7abc9fe4924) Importer(815301076,1909f56bfc062723c751e8b465ee728b)
Start importing Assets/Samples/ProBuilder/4.5.2/Runtime Examples using Guid(3c64c26bbe8d59b4babef7abc9fe4924) Importer(815301076,1909f56bfc062723c751e8b465ee728b)  -> (artifact id: '04015257f7cf4129b5b5644d1dd6a195') in 0.039327 seconds 
  Import took 0.047357 seconds .

========================================================================
Received Prepare
Registering precompiled user dll's ...
Registered in 0.002791 seconds.
Begin MonoManager ReloadAssembly
Native extension for WindowsStandalone target not found
Refreshing native plugins compatible for Editor in 0.57 ms, found 2 plugins.
Preloading 0 native plugins for Editor in 0.00 ms.
Mono: successfully reloaded assembly
- Completed reload, in  0.796 seconds
Domain Reload Profiling:
	ReloadAssembly (796ms)
		BeginReloadAssembly (102ms)
			ExecutionOrderSort (0ms)
			DisableScriptedObjects (3ms)
			BackupInstance (0ms)
			ReleaseScriptingObjects (0ms)
			CreateAndSetChildDomain (35ms)
		EndReloadAssembly (649ms)
			LoadAssemblies (69ms)
			RebuildTransferFunctionScriptingTraits (0ms)
			SetupTypeCache (206ms)
			ReleaseScriptCaches (1ms)
			RebuildScriptCaches (26ms)
			SetupLoadedEditorAssemblies (273ms)
				LogAssemblyErrors (0ms)
				InitializePlatformSupportModulesInManaged (3ms)
				SetLoadedEditorAssemblies (0ms)
				RefreshPlugins (1ms)
				BeforeProcessingInitializeOnLoad (59ms)
				ProcessInitializeOnLoadAttributes (182ms)
				ProcessInitializeOnLoadMethodAttributes (23ms)
				AfterProcessingInitializeOnLoad (5ms)
				EditorAssembliesLoaded (0ms)
			ExecutionOrderSort2 (0ms)
			AwakeInstancesAfterBackupRestoration (6ms)
Platform modules already initialized, skipping
Refreshing native plugins compatible for Editor in 0.58 ms, found 2 plugins.
Preloading 0 native plugins for Editor in 0.00 ms.
Unloading 2208 Unused Serialized files (Serialized files now loaded: 0)
System memory in use before: 129.1 MB.
System memory in use after: 129.2 MB.

Unloading 20 unused Assets to reduce memory usage. Loaded Objects now: 2754.
Total: 2.960900 ms (FindLiveObjects: 0.223500 ms CreateObjectMapping: 0.079500 ms MarkObjects: 2.572100 ms  DeleteObjects: 0.084900 ms)

AssetImportParameters requested are different than current active one (requested -> active):
  custom:framework-win-MediaFoundation: 216162199b28c13a410421893ffa2e32 -> 
  custom:video-decoder-ogg-theora: a1e56fd34408186e4bbccfd4996cb3dc -> 
  custom:container-muxer-webm: aa71ff27fc2769a1b78a27578f13a17b -> 
  custom:container-demuxer-webm: 4f35f7cbe854078d1ac9338744f61a02 -> 
  custom:container-demuxer-ogg: 62fdf1f143b41e24485cea50d1cbac27 -> 
  custom:video-encoder-webm-vp8: eb34c28f22e8b96e1ab97ce403110664 -> 
  custom:video-decoder-webm-vp8: 9c59270c3fd7afecdb556c50c9e8de78 -> 
  custom:audio-decoder-ogg-vorbis: bf7c407c2cedff20999df2af8eb42d56 -> 
  custom:audio-encoder-webm-vorbis: bf7c407c2cedff20999df2af8eb42d56 -> 
========================================================================
Received Import Request.
  Time since last request: 693.522296 seconds.
  path: Assets/Textures/GrassUV02.png
  artifactKey: Guid(bafadcf258df85b4686863cbaa688fba) Importer(815301076,1909f56bfc062723c751e8b465ee728b)
Start importing Assets/Textures/GrassUV02.png using Guid(bafadcf258df85b4686863cbaa688fba) Importer(815301076,1909f56bfc062723c751e8b465ee728b)  -> (artifact id: '65df6ec92a5e82ef639ae9d014deed3e') in 0.067918 seconds 
  Import took 0.073417 seconds .

========================================================================
Received Import Request.
  Time since last request: 0.000138 seconds.
  path: Assets/Textures/T_Mountain_2_A_T.tga
  artifactKey: Guid(c6042b90895f5f5409f8ccf84b9a03d3) Importer(815301076,1909f56bfc062723c751e8b465ee728b)
Start importing Assets/Textures/T_Mountain_2_A_T.tga using Guid(c6042b90895f5f5409f8ccf84b9a03d3) Importer(815301076,1909f56bfc062723c751e8b465ee728b)  -> (artifact id: 'af07e7e8ebe909069bcc1b0da242cd6d') in 0.027073 seconds 
  Import took 0.029850 seconds .

========================================================================
Received Import Request.
  Time since last request: 0.000128 seconds.
  path: Assets/Materials/Flat_Rock_1/Flat_Rock_1_basecolor.tga
  artifactKey: Guid(76a833dc541eed248beb95ea1d15694a) Importer(815301076,1909f56bfc062723c751e8b465ee728b)
Start importing Assets/Materials/Flat_Rock_1/Flat_Rock_1_basecolor.tga using Guid(76a833dc541eed248beb95ea1d15694a) Importer(815301076,1909f56bfc062723c751e8b465ee728b)  -> (artifact id: '853c4600b06c99453f510ff957df73b7') in 0.023549 seconds 
  Import took 0.027282 seconds .

========================================================================
Received Import Request.
  Time since last request: 0.000143 seconds.
  path: Assets/Textures/GroundCracked01.png
  artifactKey: Guid(a87cbf62329d56d4681d92302095915c) Importer(815301076,1909f56bfc062723c751e8b465ee728b)
Start importing Assets/Textures/GroundCracked01.png using Guid(a87cbf62329d56d4681d92302095915c) Importer(815301076,1909f56bfc062723c751e8b465ee728b)  -> (artifact id: '112672204bc9c37fb0186954a16151a7') in 0.012169 seconds 
  Import took 0.015217 seconds .

========================================================================
Received Import Request.
  Time since last request: 10.419715 seconds.
  path: Assets/Textures/T_Sand_A1_alb.tga
  artifactKey: Guid(fb3f2cd2bfbfeff42a86323ca72e3d64) Importer(815301076,1909f56bfc062723c751e8b465ee728b)
Start importing Assets/Textures/T_Sand_A1_alb.tga using Guid(fb3f2cd2bfbfeff42a86323ca72e3d64) Importer(815301076,1909f56bfc062723c751e8b465ee728b)  -> (artifact id: 'e535d0d93f621fc9c21e698fdd370c6f') in 0.014110 seconds 
  Import took 0.017595 seconds .

========================================================================
Received Import Request.
  Time since last request: 5.514062 seconds.
  path: Assets/Textures/GrassUV01.png
  artifactKey: Guid(94e5dd2784ae3a44a930dba86cba9f6e) Importer(815301076,1909f56bfc062723c751e8b465ee728b)
Start importing Assets/Textures/GrassUV01.png using Guid(94e5dd2784ae3a44a930dba86cba9f6e) Importer(815301076,1909f56bfc062723c751e8b465ee728b)  -> (artifact id: '7f3f7dc4e35815f25c718600bee21ec1') in 0.031170 seconds 
  Import took 0.036722 seconds .

========================================================================
Received Import Request.
  Time since last request: 6.064025 seconds.
  path: Assets/New Terrain.asset
  artifactKey: Guid(0fa703884e1210b4faaa927e2ef92136) Importer(815301076,1909f56bfc062723c751e8b465ee728b)
Start importing Assets/New Terrain.asset using Guid(0fa703884e1210b4faaa927e2ef92136) Importer(815301076,1909f56bfc062723c751e8b465ee728b)  -> (artifact id: '015788a154c78d8fc7e3f3cce48ef412') in 0.020825 seconds 
  Import took 0.024687 seconds .

========================================================================
Received Import Request.
  Time since last request: 0.000132 seconds.
  path: Assets/TerrainData_1706eb9b-9878-45de-ba2b-5e3ac14795fe.asset
  artifactKey: Guid(002ca96d593217142a6b353a208f61df) Importer(815301076,1909f56bfc062723c751e8b465ee728b)
Start importing Assets/TerrainData_1706eb9b-9878-45de-ba2b-5e3ac14795fe.asset using Guid(002ca96d593217142a6b353a208f61df) Importer(815301076,1909f56bfc062723c751e8b465ee728b) The tree SM_Rock_Side-A2_LOD2 couldn't be instanced because the prefab contains no valid mesh renderer.
 -> (artifact id: 'cf3301f1a8dd623775f14585d08faa88') in 0.018671 seconds 
  Import took 0.021680 seconds .

========================================================================
Received Prepare
Registering precompiled user dll's ...
Registered in 0.002432 seconds.
Begin MonoManager ReloadAssembly
Native extension for WindowsStandalone target not found
Refreshing native plugins compatible for Editor in 0.53 ms, found 2 plugins.
Preloading 0 native plugins for Editor in 0.00 ms.
Mono: successfully reloaded assembly
- Completed reload, in  0.758 seconds
Domain Reload Profiling:
	ReloadAssembly (759ms)
		BeginReloadAssembly (101ms)
			ExecutionOrderSort (0ms)
			DisableScriptedObjects (3ms)
			BackupInstance (0ms)
			ReleaseScriptingObjects (0ms)
			CreateAndSetChildDomain (32ms)
		EndReloadAssembly (613ms)
			LoadAssemblies (64ms)
			RebuildTransferFunctionScriptingTraits (0ms)
			SetupTypeCache (208ms)
			ReleaseScriptCaches (1ms)
			RebuildScriptCaches (27ms)
			SetupLoadedEditorAssemblies (246ms)
				LogAssemblyErrors (0ms)
				InitializePlatformSupportModulesInManaged (3ms)
				SetLoadedEditorAssemblies (0ms)
				RefreshPlugins (1ms)
				BeforeProcessingInitializeOnLoad (52ms)
				ProcessInitializeOnLoadAttributes (164ms)
				ProcessInitializeOnLoadMethodAttributes (20ms)
				AfterProcessingInitializeOnLoad (6ms)
				EditorAssembliesLoaded (0ms)
			ExecutionOrderSort2 (0ms)
			AwakeInstancesAfterBackupRestoration (5ms)
Platform modules already initialized, skipping
Refreshing native plugins compatible for Editor in 0.55 ms, found 2 plugins.
Preloading 0 native plugins for Editor in 0.00 ms.
Unloading 2208 Unused Serialized files (Serialized files now loaded: 0)
System memory in use before: 129.1 MB.
System memory in use after: 129.2 MB.

Unloading 14 unused Assets to reduce memory usage. Loaded Objects now: 2756.
Total: 2.995900 ms (FindLiveObjects: 0.232300 ms CreateObjectMapping: 0.084500 ms MarkObjects: 2.598800 ms  DeleteObjects: 0.078900 ms)

AssetImportParameters requested are different than current active one (requested -> active):
  custom:framework-win-MediaFoundation: 216162199b28c13a410421893ffa2e32 -> 
  custom:video-decoder-ogg-theora: a1e56fd34408186e4bbccfd4996cb3dc -> 
  custom:container-muxer-webm: aa71ff27fc2769a1b78a27578f13a17b -> 
  custom:container-demuxer-webm: 4f35f7cbe854078d1ac9338744f61a02 -> 
  custom:container-demuxer-ogg: 62fdf1f143b41e24485cea50d1cbac27 -> 
  custom:video-encoder-webm-vp8: eb34c28f22e8b96e1ab97ce403110664 -> 
  custom:video-decoder-webm-vp8: 9c59270c3fd7afecdb556c50c9e8de78 -> 
  custom:audio-decoder-ogg-vorbis: bf7c407c2cedff20999df2af8eb42d56 -> 
  custom:audio-encoder-webm-vorbis: bf7c407c2cedff20999df2af8eb42d56 -> 
========================================================================
Received Import Request.
  Time since last request: 5287.766308 seconds.
  path: Assets
  artifactKey: Guid(00000000000000001000000000000000) Importer(815301076,1909f56bfc062723c751e8b465ee728b)
Start importing Assets using Guid(00000000000000001000000000000000) Importer(815301076,1909f56bfc062723c751e8b465ee728b)  -> (artifact id: '42d402b061de3733987d63b9cc3b64de') in 0.017315 seconds 
  Import took 0.023966 seconds .

========================================================================
Received Import Request.
  Time since last request: 24.848483 seconds.
  path: Assets/SphereBehavior.cs
  artifactKey: Guid(85682360724b83c44b36bff14ae587af) Importer(815301076,1909f56bfc062723c751e8b465ee728b)
Start importing Assets/SphereBehavior.cs using Guid(85682360724b83c44b36bff14ae587af) Importer(815301076,1909f56bfc062723c751e8b465ee728b)  -> (artifact id: '0ae4512d917afbd10637fc27d4ba8ab7') in 0.013475 seconds 
  Import took 0.017530 seconds .

========================================================================
Received Prepare
Registering precompiled user dll's ...
Registered in 0.003324 seconds.
Begin MonoManager ReloadAssembly
Native extension for WindowsStandalone target not found
Refreshing native plugins compatible for Editor in 0.63 ms, found 2 plugins.
Preloading 0 native plugins for Editor in 0.00 ms.
Mono: successfully reloaded assembly
- Completed reload, in  0.794 seconds
Domain Reload Profiling:
	ReloadAssembly (795ms)
		BeginReloadAssembly (117ms)
			ExecutionOrderSort (0ms)
			DisableScriptedObjects (4ms)
			BackupInstance (0ms)
			ReleaseScriptingObjects (0ms)
			CreateAndSetChildDomain (45ms)
		EndReloadAssembly (625ms)
			LoadAssemblies (68ms)
			RebuildTransferFunctionScriptingTraits (0ms)
			SetupTypeCache (192ms)
			ReleaseScriptCaches (1ms)
			RebuildScriptCaches (27ms)
			SetupLoadedEditorAssemblies (262ms)
				LogAssemblyErrors (0ms)
				InitializePlatformSupportModulesInManaged (3ms)
				SetLoadedEditorAssemblies (0ms)
				RefreshPlugins (1ms)
				BeforeProcessingInitializeOnLoad (57ms)
				ProcessInitializeOnLoadAttributes (174ms)
				ProcessInitializeOnLoadMethodAttributes (22ms)
				AfterProcessingInitializeOnLoad (5ms)
				EditorAssembliesLoaded (0ms)
			ExecutionOrderSort2 (0ms)
			AwakeInstancesAfterBackupRestoration (5ms)
Platform modules already initialized, skipping
Refreshing native plugins compatible for Editor in 0.59 ms, found 2 plugins.
Preloading 0 native plugins for Editor in 0.00 ms.
Unloading 2209 Unused Serialized files (Serialized files now loaded: 0)
System memory in use before: 129.1 MB.
System memory in use after: 129.3 MB.

Unloading 14 unused Assets to reduce memory usage. Loaded Objects now: 2759.
Total: 3.239300 ms (FindLiveObjects: 0.256900 ms CreateObjectMapping: 0.055900 ms MarkObjects: 2.829500 ms  DeleteObjects: 0.095800 ms)

AssetImportParameters requested are different than current active one (requested -> active):
  custom:framework-win-MediaFoundation: 216162199b28c13a410421893ffa2e32 -> 
  custom:video-decoder-ogg-theora: a1e56fd34408186e4bbccfd4996cb3dc -> 
  custom:container-muxer-webm: aa71ff27fc2769a1b78a27578f13a17b -> 
  custom:container-demuxer-webm: 4f35f7cbe854078d1ac9338744f61a02 -> 
  custom:container-demuxer-ogg: 62fdf1f143b41e24485cea50d1cbac27 -> 
  custom:video-encoder-webm-vp8: eb34c28f22e8b96e1ab97ce403110664 -> 
  custom:video-decoder-webm-vp8: 9c59270c3fd7afecdb556c50c9e8de78 -> 
  custom:audio-decoder-ogg-vorbis: bf7c407c2cedff20999df2af8eb42d56 -> 
  custom:audio-encoder-webm-vorbis: bf7c407c2cedff20999df2af8eb42d56 -> 
========================================================================
Received Import Request.
  Time since last request: 2461.669677 seconds.
  path: Assets/SphereBehavior.cs
  artifactKey: Guid(85682360724b83c44b36bff14ae587af) Importer(815301076,1909f56bfc062723c751e8b465ee728b)
Start importing Assets/SphereBehavior.cs using Guid(85682360724b83c44b36bff14ae587af) Importer(815301076,1909f56bfc062723c751e8b465ee728b)  -> (artifact id: 'ed4e287ac5b6a05060be70403d96c5b6') in 0.014333 seconds 
  Import took 0.021159 seconds .

========================================================================
Received Prepare
Registering precompiled user dll's ...
Registered in 0.003674 seconds.
Begin MonoManager ReloadAssembly
Native extension for WindowsStandalone target not found
Refreshing native plugins compatible for Editor in 0.55 ms, found 2 plugins.
Preloading 0 native plugins for Editor in 0.00 ms.
Mono: successfully reloaded assembly
- Completed reload, in  0.765 seconds
Domain Reload Profiling:
	ReloadAssembly (766ms)
		BeginReloadAssembly (121ms)
			ExecutionOrderSort (0ms)
			DisableScriptedObjects (4ms)
			BackupInstance (0ms)
			ReleaseScriptingObjects (0ms)
			CreateAndSetChildDomain (44ms)
		EndReloadAssembly (600ms)
			LoadAssemblies (66ms)
			RebuildTransferFunctionScriptingTraits (0ms)
			SetupTypeCache (183ms)
			ReleaseScriptCaches (1ms)
			RebuildScriptCaches (26ms)
			SetupLoadedEditorAssemblies (255ms)
				LogAssemblyErrors (0ms)
				InitializePlatformSupportModulesInManaged (3ms)
				SetLoadedEditorAssemblies (0ms)
				RefreshPlugins (1ms)
				BeforeProcessingInitializeOnLoad (53ms)
				ProcessInitializeOnLoadAttributes (170ms)
				ProcessInitializeOnLoadMethodAttributes (22ms)
				AfterProcessingInitializeOnLoad (5ms)
				EditorAssembliesLoaded (0ms)
			ExecutionOrderSort2 (0ms)
			AwakeInstancesAfterBackupRestoration (5ms)
Platform modules already initialized, skipping
Refreshing native plugins compatible for Editor in 0.56 ms, found 2 plugins.
Preloading 0 native plugins for Editor in 0.00 ms.
Unloading 2209 Unused Serialized files (Serialized files now loaded: 0)
System memory in use before: 129.1 MB.
System memory in use after: 129.3 MB.

Unloading 14 unused Assets to reduce memory usage. Loaded Objects now: 2761.
Total: 2.579700 ms (FindLiveObjects: 0.168400 ms CreateObjectMapping: 0.048200 ms MarkObjects: 2.280400 ms  DeleteObjects: 0.081900 ms)

AssetImportParameters requested are different than current active one (requested -> active):
  custom:framework-win-MediaFoundation: 216162199b28c13a410421893ffa2e32 -> 
  custom:video-decoder-ogg-theora: a1e56fd34408186e4bbccfd4996cb3dc -> 
  custom:container-muxer-webm: aa71ff27fc2769a1b78a27578f13a17b -> 
  custom:container-demuxer-webm: 4f35f7cbe854078d1ac9338744f61a02 -> 
  custom:container-demuxer-ogg: 62fdf1f143b41e24485cea50d1cbac27 -> 
  custom:video-encoder-webm-vp8: eb34c28f22e8b96e1ab97ce403110664 -> 
  custom:video-decoder-webm-vp8: 9c59270c3fd7afecdb556c50c9e8de78 -> 
  custom:audio-decoder-ogg-vorbis: bf7c407c2cedff20999df2af8eb42d56 -> 
  custom:audio-encoder-webm-vorbis: bf7c407c2cedff20999df2af8eb42d56 -> 
AssetImportWorkerClient::OnTransportError - code=2 error=End of file
